0 info it worked if it ends with ok
1 verbose cli [
1 verbose cli   '/usr/local/bin/node',
1 verbose cli   '/usr/local/bin/npm',
1 verbose cli   'install',
1 verbose cli   '--ignore-scripts',
1 verbose cli   '@types/testing-library__jest-dom@ts3.6',
1 verbose cli   '@types/react@ts3.6',
1 verbose cli   '@types/react-dom@ts3.6',
1 verbose cli   '@types/eslint-config-prettier@ts3.6',
1 verbose cli   '@types/eslint-plugin-prettier@ts3.6',
1 verbose cli   '@types/lint-staged@ts3.6',
1 verbose cli   '@types/prettier@ts3.6',
1 verbose cli   '--save-dev',
1 verbose cli   '--user-agent=typesInstaller/3.6.3'
1 verbose cli ]
2 info using npm@6.14.6
3 info using node@v12.18.3
4 verbose npm-session 02fe132dc0953dec
5 silly install loadCurrentTree
6 silly install readLocalPackageData
7 http fetch GET 304 https://registry.npmjs.org/@types%2fprettier 1081ms (from cache)
8 silly pacote tag manifest for @types/prettier@ts3.6 fetched in 1104ms
9 http fetch GET 304 https://registry.npmjs.org/@types%2feslint-plugin-prettier 2181ms (from cache)
10 silly pacote tag manifest for @types/eslint-plugin-prettier@ts3.6 fetched in 2183ms
11 http fetch GET 304 https://registry.npmjs.org/@types%2freact-dom 2263ms (from cache)
12 silly pacote tag manifest for @types/react-dom@ts3.6 fetched in 2267ms
13 http fetch GET 304 https://registry.npmjs.org/@types%2freact 2737ms (from cache)
14 silly pacote tag manifest for @types/react@ts3.6 fetched in 2757ms
15 http fetch GET 304 https://registry.npmjs.org/@types%2flint-staged 2839ms (from cache)
16 silly registry:manifest no matching version for @types/lint-staged@ts3.6 in the cache. Forcing revalidation.
17 http fetch GET 200 https://registry.npmjs.org/@types%2flint-staged 222ms
18 silly fetchPackageMetaData error for @types/lint-staged@ts3.6 No matching version found for @types/lint-staged@ts3.6.
19 http fetch GET 304 https://registry.npmjs.org/@types%2feslint-config-prettier 5671ms (from cache)
20 silly pacote tag manifest for @types/eslint-config-prettier@ts3.6 fetched in 5677ms
21 http fetch GET 304 https://registry.npmjs.org/@types%2ftesting-library__jest-dom 5690ms (from cache)
22 silly pacote tag manifest for @types/testing-library__jest-dom@ts3.6 fetched in 5704ms
23 timing stage:rollbackFailedOptional Completed in 1ms
24 timing stage:runTopLevelLifecycles Completed in 5831ms
25 verbose type tag
26 verbose stack @types/lint-staged: No matching version found for @types/lint-staged@ts3.6.
26 verbose stack     at pickManifest (/usr/local/lib/node_modules/npm/node_modules/npm-pick-manifest/index.js:122:13)
26 verbose stack     at /usr/local/lib/node_modules/npm/node_modules/pacote/lib/fetchers/registry/manifest.js:43:18
26 verbose stack     at tryCatcher (/usr/local/lib/node_modules/npm/node_modules/bluebird/js/release/util.js:16:23)
26 verbose stack     at Promise._settlePromiseFromHandler (/usr/local/lib/node_modules/npm/node_modules/bluebird/js/release/promise.js:517:31)
26 verbose stack     at Promise._settlePromise (/usr/local/lib/node_modules/npm/node_modules/bluebird/js/release/promise.js:574:18)
26 verbose stack     at Promise._settlePromise0 (/usr/local/lib/node_modules/npm/node_modules/bluebird/js/release/promise.js:619:10)
26 verbose stack     at Promise._settlePromises (/usr/local/lib/node_modules/npm/node_modules/bluebird/js/release/promise.js:699:18)
26 verbose stack     at _drainQueueStep (/usr/local/lib/node_modules/npm/node_modules/bluebird/js/release/async.js:138:12)
26 verbose stack     at _drainQueue (/usr/local/lib/node_modules/npm/node_modules/bluebird/js/release/async.js:131:9)
26 verbose stack     at Async._drainQueues (/usr/local/lib/node_modules/npm/node_modules/bluebird/js/release/async.js:147:5)
26 verbose stack     at Immediate.Async.drainQueues [as _onImmediate] (/usr/local/lib/node_modules/npm/node_modules/bluebird/js/release/async.js:17:14)
26 verbose stack     at processImmediate (internal/timers.js:456:21)
27 verbose cwd /home/theia/.cache/typescript/3.6
28 verbose Linux 5.10.16.3-microsoft-standard-WSL2
29 verbose argv "/usr/local/bin/node" "/usr/local/bin/npm" "install" "--ignore-scripts" "@types/testing-library__jest-dom@ts3.6" "@types/react@ts3.6" "@types/react-dom@ts3.6" "@types/eslint-config-prettier@ts3.6" "@types/eslint-plugin-prettier@ts3.6" "@types/lint-staged@ts3.6" "@types/prettier@ts3.6" "--save-dev" "--user-agent=typesInstaller/3.6.3"
30 verbose node v12.18.3
31 verbose npm  v6.14.6
32 error code ETARGET
33 error notarget No matching version found for @types/lint-staged@ts3.6.
34 error notarget In most cases you or one of your dependencies are requesting
34 error notarget a package version that doesn't exist.
35 verbose exit [ 1, true ]
