0 info it worked if it ends with ok
1 verbose cli [
1 verbose cli   '/usr/local/bin/node',
1 verbose cli   '/usr/local/bin/npm',
1 verbose cli   'install',
1 verbose cli   '--ignore-scripts',
1 verbose cli   '@types/lodash.memoize@ts3.6',
1 verbose cli   '@types/lodash.merge@ts3.6',
1 verbose cli   '@types/lodash.template@ts3.6',
1 verbose cli   '@types/lodash.truncate@ts3.6',
1 verbose cli   '@types/lodash.uniq@ts3.6',
1 verbose cli   '@types/media-typer@ts3.6',
1 verbose cli   '@types/memory-fs@ts3.6',
1 verbose cli   '@types/memorystream@ts3.6',
1 verbose cli   '@types/merge-descriptors@ts3.6',
1 verbose cli   '@types/merge-stream@ts3.6',
1 verbose cli   '@types/merge2@ts3.6',
1 verbose cli   '@types/methods@ts3.6',
1 verbose cli   '@types/micromatch@ts3.6',
1 verbose cli   '@types/mime@ts3.6',
1 verbose cli   '@types/mime-db@ts3.6',
1 verbose cli   '@types/mime-types@ts3.6',
1 verbose cli   '@types/min-indent@ts3.6',
1 verbose cli   '@types/minimalistic-assert@ts3.6',
1 verbose cli   '@types/minimist@ts3.6',
1 verbose cli   '@types/minizlib@ts3.6',
1 verbose cli   '@types/move-concurrently@ts3.6',
1 verbose cli   '@types/ms@ts3.6',
1 verbose cli   '@types/multicast-dns@ts3.6',
1 verbose cli   '@types/natural-compare@ts3.6',
1 verbose cli   '@types/negotiator@ts3.6',
1 verbose cli   '@types/neo-async@ts3.6',
1 verbose cli   '@types/next-tick@ts3.6',
1 verbose cli   '@types/nice-try@ts3.6',
1 verbose cli   '@types/node-forge@ts3.6',
1 verbose cli   '@types/node-int64@ts3.6',
1 verbose cli   '@types/node-notifier@ts3.6',
1 verbose cli   '@types/normalize-package-data@ts3.6',
1 verbose cli   '@types/normalize-path@ts3.6',
1 verbose cli   '@types/num2fraction@ts3.6',
1 verbose cli   '@types/nwsapi@ts3.6',
1 verbose cli   '@types/object-assign@ts3.6',
1 verbose cli   '@types/object-inspect@ts3.6',
1 verbose cli   '@types/object-keys@ts3.6',
1 verbose cli   '@types/object.fromentries@ts3.6',
1 verbose cli   '@types/object.getownpropertydescriptors@ts3.6',
1 verbose cli   '@types/object.pick@ts3.6',
1 verbose cli   '@types/on-finished@ts3.6',
1 verbose cli   '@types/on-headers@ts3.6',
1 verbose cli   '@types/once@ts3.6',
1 verbose cli   '@types/optimize-css-assets-webpack-plugin@ts3.6',
1 verbose cli   '@types/pako@ts3.6',
1 verbose cli   '@types/parallel-transform@ts3.6',
1 verbose cli   '@types/parse-json@ts3.6',
1 verbose cli   '@types/parseurl@ts3.6',
1 verbose cli   '@types/pascalcase@ts3.6',
1 verbose cli   '@types/path-browserify@ts3.6',
1 verbose cli   '@types/path-is-absolute@ts3.6',
1 verbose cli   '@types/path-is-inside@ts3.6',
1 verbose cli   '@types/path-parse@ts3.6',
1 verbose cli   '@types/pbkdf2@ts3.6',
1 verbose cli   '@types/picomatch@ts3.6',
1 verbose cli   '@types/pify@ts3.6',
1 verbose cli   '@types/postcss-flexbugs-fixes@ts3.6',
1 verbose cli   '@types/postcss-gap-properties@ts3.6',
1 verbose cli   '@types/postcss-modules-extract-imports@ts3.6',
1 verbose cli   '@types/postcss-modules-local-by-default@ts3.6',
1 verbose cli   '@types/postcss-modules-scope@ts3.6',
1 verbose cli   '@types/postcss-modules-values@ts3.6',
1 verbose cli   '@types/postcss-normalize@ts3.6',
1 verbose cli   '@types/postcss-safe-parser@ts3.6',
1 verbose cli   '@types/prelude-ls@ts3.6',
1 verbose cli   '@types/prettier-linter-helpers@ts3.6',
1 verbose cli   '@types/progress@ts3.6',
1 verbose cli   '@types/promise-inflight@ts3.6',
1 verbose cli   '@types/prompts@ts3.6',
1 verbose cli   '@types/prop-types@ts3.6',
1 verbose cli   '@types/proxy-addr@ts3.6',
1 verbose cli   '@types/psl@ts3.6',
1 verbose cli   '@types/pump@ts3.6',
1 verbose cli   '@types/pumpify@ts3.6',
1 verbose cli   '@types/punycode@ts3.6',
1 verbose cli   '@types/q@ts3.6',
1 verbose cli   '@types/qs@ts3.6',
1 verbose cli   '@types/querystringify@ts3.6',
1 verbose cli   '@types/raf@ts3.6',
1 verbose cli   '@types/randombytes@ts3.6',
1 verbose cli   '@types/range-parser@ts3.6',
1 verbose cli   '@types/react-dev-utils@ts3.6',
1 verbose cli   '@types/react-is@ts3.6',
1 verbose cli   '@types/react-refresh@ts3.6',
1 verbose cli   '@types/readable-stream@ts3.6',
1 verbose cli   '@types/recursive-readdir@ts3.6',
1 verbose cli   '@types/regenerate@ts3.6',
1 verbose cli   '@types/regenerator-runtime@ts3.6',
1 verbose cli   '@types/regex-not@ts3.6',
1 verbose cli   '@types/relateurl@ts3.6',
1 verbose cli   '@types/repeat-element@ts3.6',
1 verbose cli   '@types/repeat-string@ts3.6',
1 verbose cli   '@types/require-directory@ts3.6',
1 verbose cli   '@types/require-from-string@ts3.6',
1 verbose cli   '@types/requires-port@ts3.6',
1 verbose cli   ... 104 more items
1 verbose cli ]
2 info using npm@6.14.6
3 info using node@v12.18.3
4 verbose npm-session 201cc3278ea77444
5 silly install loadCurrentTree
6 silly install readLocalPackageData
7 http fetch GET 304 https://registry.npmjs.org/@types%2fmemory-fs 480ms (from cache)
8 http fetch GET 304 https://registry.npmjs.org/@types%2flodash.template 495ms (from cache)
9 http fetch GET 304 https://registry.npmjs.org/@types%2fmedia-typer 483ms (from cache)
10 http fetch GET 304 https://registry.npmjs.org/@types%2flodash.truncate 493ms (from cache)
11 http fetch GET 304 https://registry.npmjs.org/@types%2flodash.uniq 492ms (from cache)
12 silly pacote tag manifest for @types/media-typer@ts3.6 fetched in 504ms
13 silly pacote tag manifest for @types/memory-fs@ts3.6 fetched in 504ms
14 silly pacote tag manifest for @types/lodash.template@ts3.6 fetched in 518ms
15 http fetch GET 304 https://registry.npmjs.org/@types%2flodash.merge 520ms (from cache)
16 silly pacote tag manifest for @types/lodash.truncate@ts3.6 fetched in 550ms
17 silly pacote tag manifest for @types/lodash.uniq@ts3.6 fetched in 543ms
18 http fetch GET 304 https://registry.npmjs.org/@types%2fmerge-stream 526ms (from cache)
19 silly pacote tag manifest for @types/lodash.merge@ts3.6 fetched in 569ms
20 silly pacote tag manifest for @types/merge-stream@ts3.6 fetched in 598ms
21 http fetch GET 304 https://registry.npmjs.org/@types%2fmicromatch 250ms (from cache)
22 http fetch GET 304 https://registry.npmjs.org/@types%2fmethods 268ms (from cache)
23 http fetch GET 304 https://registry.npmjs.org/@types%2fmerge2 271ms (from cache)
24 http fetch GET 304 https://registry.npmjs.org/@types%2fmime 245ms (from cache)
25 http fetch GET 304 https://registry.npmjs.org/@types%2fmime-types 216ms (from cache)
26 silly pacote tag manifest for @types/micromatch@ts3.6 fetched in 277ms
27 silly pacote tag manifest for @types/merge2@ts3.6 fetched in 287ms
28 http fetch GET 304 https://registry.npmjs.org/@types%2fmime-db 256ms (from cache)
29 silly pacote tag manifest for @types/methods@ts3.6 fetched in 290ms
30 silly pacote tag manifest for @types/mime@ts3.6 fetched in 266ms
31 silly pacote tag manifest for @types/mime-types@ts3.6 fetched in 237ms
32 silly pacote tag manifest for @types/mime-db@ts3.6 fetched in 287ms
33 http fetch GET 304 https://registry.npmjs.org/@types%2fminizlib 144ms (from cache)
34 http fetch GET 304 https://registry.npmjs.org/@types%2fmove-concurrently 154ms (from cache)
35 silly pacote tag manifest for @types/minizlib@ts3.6 fetched in 169ms
36 silly pacote tag manifest for @types/move-concurrently@ts3.6 fetched in 175ms
37 http fetch GET 304 https://registry.npmjs.org/@types%2fms 181ms (from cache)
38 silly pacote tag manifest for @types/ms@ts3.6 fetched in 189ms
39 http fetch GET 304 https://registry.npmjs.org/@types%2fmulticast-dns 215ms (from cache)
40 http fetch GET 304 https://registry.npmjs.org/@types%2fminimist 247ms (from cache)
41 silly pacote tag manifest for @types/minimist@ts3.6 fetched in 265ms
42 silly pacote tag manifest for @types/multicast-dns@ts3.6 fetched in 236ms
43 http fetch GET 304 https://registry.npmjs.org/@types%2fnegotiator 151ms (from cache)
44 http fetch GET 200 https://registry.npmjs.org/@types%2fneo-async 141ms
45 silly fetchPackageMetaData error for @types/neo-async@ts3.6 No matching version found for @types/neo-async@ts3.6.
46 silly pacote tag manifest for @types/negotiator@ts3.6 fetched in 159ms
47 http fetch GET 304 https://registry.npmjs.org/@types%2fnext-tick 141ms (from cache)
48 silly pacote tag manifest for @types/next-tick@ts3.6 fetched in 144ms
49 http fetch GET 304 https://registry.npmjs.org/@types%2fnode-forge 93ms (from cache)
50 silly pacote tag manifest for @types/node-forge@ts3.6 fetched in 95ms
51 http fetch GET 304 https://registry.npmjs.org/@types%2fnode-notifier 89ms (from cache)
52 silly pacote tag manifest for @types/node-notifier@ts3.6 fetched in 91ms
53 http fetch GET 304 https://registry.npmjs.org/@types%2fnormalize-package-data 239ms (from cache)
54 silly pacote tag manifest for @types/normalize-package-data@ts3.6 fetched in 242ms
55 http fetch GET 304 https://registry.npmjs.org/@types%2fnormalize-path 212ms (from cache)
56 silly pacote tag manifest for @types/normalize-path@ts3.6 fetched in 218ms
57 http fetch GET 304 https://registry.npmjs.org/@types%2fnum2fraction 93ms (from cache)
58 silly pacote tag manifest for @types/num2fraction@ts3.6 fetched in 104ms
59 http fetch GET 304 https://registry.npmjs.org/@types%2fnwsapi 91ms (from cache)
60 silly pacote tag manifest for @types/nwsapi@ts3.6 fetched in 94ms
61 http fetch GET 304 https://registry.npmjs.org/@types%2fobject-assign 116ms (from cache)
62 silly pacote tag manifest for @types/object-assign@ts3.6 fetched in 128ms
63 http fetch GET 304 https://registry.npmjs.org/@types%2fobject-inspect 108ms (from cache)
64 silly pacote tag manifest for @types/object-inspect@ts3.6 fetched in 114ms
65 http fetch GET 304 https://registry.npmjs.org/@types%2fobject-keys 120ms (from cache)
66 silly pacote tag manifest for @types/object-keys@ts3.6 fetched in 125ms
67 http fetch GET 304 https://registry.npmjs.org/@types%2fobject.fromentries 121ms (from cache)
68 silly pacote tag manifest for @types/object.fromentries@ts3.6 fetched in 124ms
69 http fetch GET 304 https://registry.npmjs.org/@types%2fobject.getownpropertydescriptors 125ms (from cache)
70 http fetch GET 304 https://registry.npmjs.org/@types%2fobject.pick 113ms (from cache)
71 silly pacote tag manifest for @types/object.getownpropertydescriptors@ts3.6 fetched in 127ms
72 silly pacote tag manifest for @types/object.pick@ts3.6 fetched in 117ms
73 http fetch GET 304 https://registry.npmjs.org/@types%2flodash.memoize 2010ms (from cache)
74 silly pacote tag manifest for @types/lodash.memoize@ts3.6 fetched in 2023ms
75 http fetch GET 304 https://registry.npmjs.org/@types%2fmemorystream 2036ms (from cache)
76 silly pacote tag manifest for @types/memorystream@ts3.6 fetched in 2040ms
77 http fetch GET 304 https://registry.npmjs.org/@types%2fon-finished 94ms (from cache)
78 silly pacote tag manifest for @types/on-finished@ts3.6 fetched in 101ms
79 http fetch GET 304 https://registry.npmjs.org/@types%2fon-headers 110ms (from cache)
80 silly pacote tag manifest for @types/on-headers@ts3.6 fetched in 116ms
81 http fetch GET 304 https://registry.npmjs.org/@types%2fonce 105ms (from cache)
82 silly pacote tag manifest for @types/once@ts3.6 fetched in 107ms
83 http fetch GET 304 https://registry.npmjs.org/@types%2fmerge-descriptors 2108ms (from cache)
84 silly pacote tag manifest for @types/merge-descriptors@ts3.6 fetched in 2113ms
85 http fetch GET 304 https://registry.npmjs.org/@types%2foptimize-css-assets-webpack-plugin 101ms (from cache)
86 silly pacote tag manifest for @types/optimize-css-assets-webpack-plugin@ts3.6 fetched in 104ms
87 http fetch GET 304 https://registry.npmjs.org/@types%2fpako 106ms (from cache)
88 http fetch GET 304 https://registry.npmjs.org/@types%2fparallel-transform 90ms (from cache)
89 silly pacote tag manifest for @types/pako@ts3.6 fetched in 109ms
90 silly pacote tag manifest for @types/parallel-transform@ts3.6 fetched in 93ms
91 http fetch GET 304 https://registry.npmjs.org/@types%2fparseurl 98ms (from cache)
92 silly pacote tag manifest for @types/parseurl@ts3.6 fetched in 103ms
93 http fetch GET 304 https://registry.npmjs.org/@types%2fpascalcase 99ms (from cache)
94 silly pacote tag manifest for @types/pascalcase@ts3.6 fetched in 101ms
95 http fetch GET 200 https://registry.npmjs.org/@types%2fpath-browserify 105ms
96 silly fetchPackageMetaData error for @types/path-browserify@ts3.6 No matching version found for @types/path-browserify@ts3.6.
97 http fetch GET 304 https://registry.npmjs.org/@types%2fpath-is-absolute 107ms (from cache)
98 silly pacote tag manifest for @types/path-is-absolute@ts3.6 fetched in 116ms
99 http fetch GET 304 https://registry.npmjs.org/@types%2fparse-json 190ms (from cache)
100 silly pacote tag manifest for @types/parse-json@ts3.6 fetched in 193ms
101 http fetch GET 304 https://registry.npmjs.org/@types%2fpath-is-inside 106ms (from cache)
102 silly pacote tag manifest for @types/path-is-inside@ts3.6 fetched in 116ms
103 http fetch GET 304 https://registry.npmjs.org/@types%2fpbkdf2 92ms (from cache)
104 silly pacote tag manifest for @types/pbkdf2@ts3.6 fetched in 96ms
105 http fetch GET 304 https://registry.npmjs.org/@types%2fpify 93ms (from cache)
106 silly pacote tag manifest for @types/pify@ts3.6 fetched in 114ms
107 http fetch GET 304 https://registry.npmjs.org/@types%2fpostcss-flexbugs-fixes 95ms (from cache)
108 silly pacote tag manifest for @types/postcss-flexbugs-fixes@ts3.6 fetched in 99ms
109 http fetch GET 304 https://registry.npmjs.org/@types%2fmin-indent 1841ms (from cache)
110 silly pacote tag manifest for @types/min-indent@ts3.6 fetched in 1852ms
111 http fetch GET 304 https://registry.npmjs.org/@types%2fpostcss-gap-properties 94ms (from cache)
112 silly pacote tag manifest for @types/postcss-gap-properties@ts3.6 fetched in 97ms
113 http fetch GET 304 https://registry.npmjs.org/@types%2fpostcss-modules-extract-imports 102ms (from cache)
114 http fetch GET 304 https://registry.npmjs.org/@types%2fpostcss-modules-local-by-default 86ms (from cache)
115 silly pacote tag manifest for @types/postcss-modules-local-by-default@ts3.6 fetched in 89ms
116 silly pacote tag manifest for @types/postcss-modules-extract-imports@ts3.6 fetched in 106ms
117 http fetch GET 304 https://registry.npmjs.org/@types%2fpostcss-safe-parser 176ms (from cache)
118 http fetch GET 304 https://registry.npmjs.org/@types%2fpostcss-normalize 178ms (from cache)
119 http fetch GET 304 https://registry.npmjs.org/@types%2fpostcss-modules-values 226ms (from cache)
120 http fetch GET 304 https://registry.npmjs.org/@types%2fminimalistic-assert 1920ms (from cache)
121 silly pacote tag manifest for @types/postcss-safe-parser@ts3.6 fetched in 187ms
122 silly pacote tag manifest for @types/postcss-normalize@ts3.6 fetched in 188ms
123 silly pacote tag manifest for @types/postcss-modules-values@ts3.6 fetched in 237ms
124 silly pacote tag manifest for @types/minimalistic-assert@ts3.6 fetched in 1931ms
125 http fetch GET 304 https://registry.npmjs.org/@types%2fprogress 133ms (from cache)
126 http fetch GET 304 https://registry.npmjs.org/@types%2fnatural-compare 1884ms (from cache)
127 silly pacote tag manifest for @types/progress@ts3.6 fetched in 137ms
128 http fetch GET 304 https://registry.npmjs.org/@types%2fprelude-ls 142ms (from cache)
129 http fetch GET 304 https://registry.npmjs.org/@types%2fpromise-inflight 135ms (from cache)
130 http fetch GET 304 https://registry.npmjs.org/@types%2fprettier-linter-helpers 143ms (from cache)
131 silly pacote tag manifest for @types/natural-compare@ts3.6 fetched in 1891ms
132 silly pacote tag manifest for @types/prelude-ls@ts3.6 fetched in 150ms
133 silly pacote tag manifest for @types/promise-inflight@ts3.6 fetched in 144ms
134 silly pacote tag manifest for @types/prettier-linter-helpers@ts3.6 fetched in 150ms
135 http fetch GET 304 https://registry.npmjs.org/@types%2fpsl 143ms (from cache)
136 http fetch GET 304 https://registry.npmjs.org/@types%2fnode-int64 1863ms (from cache)
137 http fetch GET 304 https://registry.npmjs.org/@types%2fnice-try 1942ms (from cache)
138 http fetch GET 304 https://registry.npmjs.org/@types%2fpump 145ms (from cache)
139 http fetch GET 304 https://registry.npmjs.org/@types%2fproxy-addr 146ms (from cache)
140 http fetch GET 304 https://registry.npmjs.org/@types%2fprop-types 151ms (from cache)
141 http fetch GET 304 https://registry.npmjs.org/@types%2fprompts 159ms (from cache)
142 silly pacote tag manifest for @types/psl@ts3.6 fetched in 152ms
143 silly pacote tag manifest for @types/nice-try@ts3.6 fetched in 1952ms
144 silly pacote tag manifest for @types/node-int64@ts3.6 fetched in 1873ms
145 silly pacote tag manifest for @types/pump@ts3.6 fetched in 154ms
146 silly pacote tag manifest for @types/proxy-addr@ts3.6 fetched in 154ms
147 silly pacote tag manifest for @types/prop-types@ts3.6 fetched in 159ms
148 silly pacote tag manifest for @types/prompts@ts3.6 fetched in 165ms
149 http fetch GET 304 https://registry.npmjs.org/@types%2fpumpify 159ms (from cache)
150 silly pacote tag manifest for @types/pumpify@ts3.6 fetched in 164ms
151 http fetch GET 304 https://registry.npmjs.org/@types%2fqs 162ms (from cache)
152 http fetch GET 304 https://registry.npmjs.org/@types%2fraf 165ms (from cache)
153 http fetch GET 304 https://registry.npmjs.org/@types%2fq 168ms (from cache)
154 silly pacote tag manifest for @types/qs@ts3.6 fetched in 170ms
155 http fetch GET 304 https://registry.npmjs.org/@types%2fpunycode 172ms (from cache)
156 silly pacote tag manifest for @types/raf@ts3.6 fetched in 173ms
157 silly pacote tag manifest for @types/q@ts3.6 fetched in 176ms
158 silly pacote tag manifest for @types/punycode@ts3.6 fetched in 180ms
159 http fetch GET 304 https://registry.npmjs.org/@types%2frange-parser 123ms (from cache)
160 http fetch GET 200 https://registry.npmjs.org/@types%2freact-refresh 112ms
161 silly fetchPackageMetaData error for @types/react-refresh@ts3.6 No matching version found for @types/react-refresh@ts3.6.
162 silly pacote tag manifest for @types/range-parser@ts3.6 fetched in 131ms
163 http fetch GET 304 https://registry.npmjs.org/@types%2freact-is 124ms (from cache)
164 silly pacote tag manifest for @types/react-is@ts3.6 fetched in 134ms
165 http fetch GET 304 https://registry.npmjs.org/@types%2freadable-stream 130ms (from cache)
166 silly pacote tag manifest for @types/readable-stream@ts3.6 fetched in 133ms
167 http fetch GET 200 https://registry.npmjs.org/@types%2fregex-not 107ms
168 silly fetchPackageMetaData error for @types/regex-not@ts3.6 No matching version found for @types/regex-not@ts3.6.
169 http fetch GET 304 https://registry.npmjs.org/@types%2frelateurl 82ms (from cache)
170 silly pacote tag manifest for @types/relateurl@ts3.6 fetched in 85ms
171 http fetch GET 304 https://registry.npmjs.org/@types%2fpath-parse 1828ms (from cache)
172 silly pacote tag manifest for @types/path-parse@ts3.6 fetched in 1830ms
173 http fetch GET 304 https://registry.npmjs.org/@types%2frepeat-string 108ms (from cache)
174 silly pacote tag manifest for @types/repeat-string@ts3.6 fetched in 113ms
175 http fetch GET 304 https://registry.npmjs.org/@types%2fpicomatch 1969ms (from cache)
176 silly pacote tag manifest for @types/picomatch@ts3.6 fetched in 1972ms
177 http fetch GET 304 https://registry.npmjs.org/@types%2fpostcss-modules-scope 1804ms (from cache)
178 silly pacote tag manifest for @types/postcss-modules-scope@ts3.6 fetched in 1808ms
179 http fetch GET 304 https://registry.npmjs.org/@types%2frequire-from-string 95ms (from cache)
180 silly pacote tag manifest for @types/require-from-string@ts3.6 fetched in 97ms
181 http fetch GET 304 https://registry.npmjs.org/@types%2fresolve 81ms (from cache)
182 silly pacote tag manifest for @types/resolve@ts3.6 fetched in 83ms
183 http fetch GET 304 https://registry.npmjs.org/@types%2fretry 101ms (from cache)
184 silly pacote tag manifest for @types/retry@ts3.6 fetched in 103ms
185 http fetch GET 304 https://registry.npmjs.org/@types%2frandombytes 1876ms (from cache)
186 http fetch GET 304 https://registry.npmjs.org/@types%2fquerystringify 1878ms (from cache)
187 silly pacote tag manifest for @types/randombytes@ts3.6 fetched in 1879ms
188 silly pacote tag manifest for @types/querystringify@ts3.6 fetched in 1881ms
189 http fetch GET 304 https://registry.npmjs.org/@types%2frsvp 95ms (from cache)
190 silly pacote tag manifest for @types/rsvp@ts3.6 fetched in 98ms
191 http fetch GET 304 https://registry.npmjs.org/@types%2frun-parallel 108ms (from cache)
192 silly pacote tag manifest for @types/run-parallel@ts3.6 fetched in 110ms
193 http fetch GET 304 https://registry.npmjs.org/@types%2fsafe-regex 74ms (from cache)
194 silly pacote tag manifest for @types/safe-regex@ts3.6 fetched in 76ms
195 http fetch GET 200 https://registry.npmjs.org/@types%2fsafe-regex-test 91ms
196 silly fetchPackageMetaData error for @types/safe-regex-test@ts3.6 No matching version found for @types/safe-regex-test@ts3.6.
197 http fetch GET 304 https://registry.npmjs.org/@types%2freact-dev-utils 1916ms (from cache)
198 silly pacote tag manifest for @types/react-dev-utils@ts3.6 fetched in 1924ms
199 http fetch GET 304 https://registry.npmjs.org/@types%2fregenerator-runtime 1799ms (from cache)
200 silly pacote tag manifest for @types/regenerator-runtime@ts3.6 fetched in 1805ms
201 http fetch GET 304 https://registry.npmjs.org/@types%2frecursive-readdir 1832ms (from cache)
202 silly pacote tag manifest for @types/recursive-readdir@ts3.6 fetched in 1838ms
203 http fetch GET 200 https://registry.npmjs.org/@types%2fregenerate 1840ms
204 silly fetchPackageMetaData error for @types/regenerate@ts3.6 No matching version found for @types/regenerate@ts3.6.
205 http fetch GET 304 https://registry.npmjs.org/@types%2fsass-loader 106ms (from cache)
206 http fetch GET 304 https://registry.npmjs.org/@types%2fsane 117ms (from cache)
207 silly pacote tag manifest for @types/sass-loader@ts3.6 fetched in 111ms
208 silly pacote tag manifest for @types/sane@ts3.6 fetched in 126ms
209 http fetch GET 200 https://registry.npmjs.org/@types%2fselfsigned 88ms
210 silly fetchPackageMetaData error for @types/selfsigned@ts3.6 No matching version found for @types/selfsigned@ts3.6.
211 http fetch GET 304 https://registry.npmjs.org/@types%2fsax 114ms (from cache)
212 silly pacote tag manifest for @types/sax@ts3.6 fetched in 119ms
213 http fetch GET 304 https://registry.npmjs.org/@types%2fscheduler 113ms (from cache)
214 silly pacote tag manifest for @types/scheduler@ts3.6 fetched in 116ms
215 http fetch GET 304 https://registry.npmjs.org/@types%2fsemver-compare 77ms (from cache)
216 silly pacote tag manifest for @types/semver-compare@ts3.6 fetched in 82ms
217 http fetch GET 304 https://registry.npmjs.org/@types%2fsemver 116ms (from cache)
218 http fetch GET 304 https://registry.npmjs.org/@types%2fsafer-buffer 268ms (from cache)
219 silly pacote tag manifest for @types/semver@ts3.6 fetched in 120ms
220 http fetch GET 304 https://registry.npmjs.org/@types%2fserialize-javascript 93ms (from cache)
221 http fetch GET 304 https://registry.npmjs.org/@types%2fsend 102ms (from cache)
222 silly pacote tag manifest for @types/safer-buffer@ts3.6 fetched in 274ms
223 silly pacote tag manifest for @types/serialize-javascript@ts3.6 fetched in 99ms
224 silly pacote tag manifest for @types/send@ts3.6 fetched in 107ms
225 http fetch GET 304 https://registry.npmjs.org/@types%2fserve-index 131ms (from cache)
226 silly pacote tag manifest for @types/serve-index@ts3.6 fetched in 141ms
227 http fetch GET 304 https://registry.npmjs.org/@types%2fserve-static 106ms (from cache)
228 silly pacote tag manifest for @types/serve-static@ts3.6 fetched in 113ms
229 http fetch GET 304 https://registry.npmjs.org/@types%2fset-value 88ms (from cache)
230 http fetch GET 304 https://registry.npmjs.org/@types%2fsha.js 87ms (from cache)
231 silly pacote tag manifest for @types/set-value@ts3.6 fetched in 94ms
232 silly pacote tag manifest for @types/sha.js@ts3.6 fetched in 94ms
233 http fetch GET 200 https://registry.npmjs.org/@types%2fset-blocking 124ms
234 silly fetchPackageMetaData error for @types/set-blocking@ts3.6 No matching version found for @types/set-blocking@ts3.6.
235 http fetch GET 304 https://registry.npmjs.org/@types%2frepeat-element 1947ms (from cache)
236 silly pacote tag manifest for @types/repeat-element@ts3.6 fetched in 1953ms
237 http fetch GET 304 https://registry.npmjs.org/@types%2fshebang-command 88ms (from cache)
238 silly pacote tag manifest for @types/shebang-command@ts3.6 fetched in 90ms
239 http fetch GET 304 https://registry.npmjs.org/@types%2fsockjs 103ms (from cache)
240 http fetch GET 304 https://registry.npmjs.org/@types%2fsockjs-client 87ms (from cache)
241 silly pacote tag manifest for @types/sockjs@ts3.6 fetched in 105ms
242 silly pacote tag manifest for @types/sockjs-client@ts3.6 fetched in 90ms
243 http fetch GET 304 https://registry.npmjs.org/@types%2fsource-list-map 83ms (from cache)
244 silly pacote tag manifest for @types/source-list-map@ts3.6 fetched in 85ms
245 http fetch GET 304 https://registry.npmjs.org/@types%2fspdx-correct 82ms (from cache)
246 silly pacote tag manifest for @types/spdx-correct@ts3.6 fetched in 85ms
247 http fetch GET 304 https://registry.npmjs.org/@types%2fspdx-expression-parse 94ms (from cache)
248 silly pacote tag manifest for @types/spdx-expression-parse@ts3.6 fetched in 96ms
249 http fetch GET 304 https://registry.npmjs.org/@types%2fspdy 87ms (from cache)
250 silly pacote tag manifest for @types/spdy@ts3.6 fetched in 90ms
251 http fetch GET 304 https://registry.npmjs.org/@types%2frequire-directory 1847ms (from cache)
252 http fetch GET 304 https://registry.npmjs.org/@types%2fsprintf 99ms (from cache)
253 silly pacote tag manifest for @types/require-directory@ts3.6 fetched in 1853ms
254 silly pacote tag manifest for @types/sprintf@ts3.6 fetched in 113ms
255 http fetch GET 304 https://registry.npmjs.org/@types%2frequires-port 1862ms (from cache)
256 silly pacote tag manifest for @types/requires-port@ts3.6 fetched in 1867ms
257 http fetch GET 304 https://registry.npmjs.org/@types%2fssri 131ms (from cache)
258 silly pacote tag manifest for @types/ssri@ts3.6 fetched in 141ms
259 http fetch GET 304 https://registry.npmjs.org/@types%2fstack-utils 81ms (from cache)
260 silly pacote tag manifest for @types/stack-utils@ts3.6 fetched in 85ms
261 http fetch GET 304 https://registry.npmjs.org/@types%2fstream-each 87ms (from cache)
262 silly pacote tag manifest for @types/stream-each@ts3.6 fetched in 89ms
263 http fetch GET 304 https://registry.npmjs.org/@types%2fstream-shift 99ms (from cache)
264 silly pacote tag manifest for @types/stream-shift@ts3.6 fetched in 125ms
265 http fetch GET 304 https://registry.npmjs.org/@types%2fstatuses 272ms (from cache)
266 http fetch GET 304 https://registry.npmjs.org/@types%2fripemd160 1922ms (from cache)
267 silly pacote tag manifest for @types/ripemd160@ts3.6 fetched in 1926ms
268 silly pacote tag manifest for @types/statuses@ts3.6 fetched in 280ms
269 http fetch GET 304 https://registry.npmjs.org/@types%2fstrict-uri-encode 111ms (from cache)
270 silly pacote tag manifest for @types/strict-uri-encode@ts3.6 fetched in 139ms
271 http fetch GET 304 https://registry.npmjs.org/@types%2fstring.prototype.matchall 122ms (from cache)
272 http fetch GET 304 https://registry.npmjs.org/@types%2fstring-natural-compare 126ms (from cache)
273 silly pacote tag manifest for @types/string.prototype.matchall@ts3.6 fetched in 127ms
274 silly pacote tag manifest for @types/string-natural-compare@ts3.6 fetched in 130ms
275 http fetch GET 304 https://registry.npmjs.org/@types%2fstrip-final-newline 123ms (from cache)
276 silly pacote tag manifest for @types/strip-final-newline@ts3.6 fetched in 126ms
277 http fetch GET 304 https://registry.npmjs.org/@types%2fsetimmediate 1816ms (from cache)
278 silly pacote tag manifest for @types/setimmediate@ts3.6 fetched in 1819ms
279 http fetch GET 304 https://registry.npmjs.org/@types%2fsvg-parser 89ms (from cache)
280 silly pacote tag manifest for @types/svg-parser@ts3.6 fetched in 91ms
281 http fetch GET 304 https://registry.npmjs.org/@types%2fsignal-exit 1860ms (from cache)
282 http fetch GET 304 https://registry.npmjs.org/@types%2fshell-quote 1894ms (from cache)
283 silly pacote tag manifest for @types/signal-exit@ts3.6 fetched in 1880ms
284 silly pacote tag manifest for @types/shell-quote@ts3.6 fetched in 1899ms
285 http fetch GET 304 https://registry.npmjs.org/@types%2fslice-ansi 1873ms (from cache)
286 http fetch GET 304 https://registry.npmjs.org/@types%2fsprintf-js 1301ms (from cache)
287 silly pacote tag manifest for @types/slice-ansi@ts3.6 fetched in 1876ms
288 silly pacote tag manifest for @types/sprintf-js@ts3.6 fetched in 1307ms
289 http fetch GET 200 https://registry.npmjs.org/@types%2fsimple-swizzle 1911ms
290 silly fetchPackageMetaData error for @types/simple-swizzle@ts3.6 No matching version found for @types/simple-swizzle@ts3.6.
291 http fetch GET 304 https://registry.npmjs.org/@types%2fsymbol-tree 118ms (from cache)
292 silly pacote tag manifest for @types/symbol-tree@ts3.6 fetched in 127ms
293 http fetch GET 304 https://registry.npmjs.org/@types%2ftapable 86ms (from cache)
294 silly pacote tag manifest for @types/tapable@ts3.6 fetched in 89ms
295 http fetch GET 304 https://registry.npmjs.org/@types%2fsource-map-support 1830ms (from cache)
296 silly pacote tag manifest for @types/source-map-support@ts3.6 fetched in 1839ms
297 http fetch GET 304 https://registry.npmjs.org/@types%2fthrough2 99ms (from cache)
298 http fetch GET 304 https://registry.npmjs.org/@types%2ftar 142ms (from cache)
299 silly pacote tag manifest for @types/through2@ts3.6 fetched in 103ms
300 silly pacote tag manifest for @types/tar@ts3.6 fetched in 145ms
301 http fetch GET 304 https://registry.npmjs.org/@types%2fthunky 104ms (from cache)
302 silly pacote tag manifest for @types/thunky@ts3.6 fetched in 111ms
303 http fetch GET 304 https://registry.npmjs.org/@types%2ftimsort 99ms (from cache)
304 silly pacote tag manifest for @types/timsort@ts3.6 fetched in 101ms
305 http fetch GET 304 https://registry.npmjs.org/@types%2fthrough 167ms (from cache)
306 silly pacote tag manifest for @types/through@ts3.6 fetched in 170ms
307 http fetch GET 200 https://registry.npmjs.org/@types%2fto-regex-range 136ms
308 silly fetchPackageMetaData error for @types/to-regex-range@ts3.6 No matching version found for @types/to-regex-range@ts3.6.
309 http fetch GET 200 https://registry.npmjs.org/@types%2ftoidentifier 113ms
310 silly fetchPackageMetaData error for @types/toidentifier@ts3.6 No matching version found for @types/toidentifier@ts3.6.
311 http fetch GET 200 https://registry.npmjs.org/@types%2fto-regex 150ms
312 silly fetchPackageMetaData error for @types/to-regex@ts3.6 No matching version found for @types/to-regex@ts3.6.
313 http fetch GET 304 https://registry.npmjs.org/@types%2ftough-cookie 111ms (from cache)
314 silly pacote tag manifest for @types/tough-cookie@ts3.6 fetched in 133ms
315 http fetch GET 200 https://registry.npmjs.org/@types%2ftmpl 231ms
316 silly fetchPackageMetaData error for @types/tmpl@ts3.6 No matching version found for @types/tmpl@ts3.6.
317 http fetch GET 304 https://registry.npmjs.org/@types%2ftryer 85ms (from cache)
318 silly pacote tag manifest for @types/tryer@ts3.6 fetched in 90ms
319 http fetch GET 304 https://registry.npmjs.org/@types%2ftype-check 136ms (from cache)
320 http fetch GET 304 https://registry.npmjs.org/@types%2ftype-detect 130ms (from cache)
321 http fetch GET 200 https://registry.npmjs.org/@types%2ftypedarray-to-buffer 97ms
322 silly fetchPackageMetaData error for @types/typedarray-to-buffer@ts3.6 No matching version found for @types/typedarray-to-buffer@ts3.6.
323 silly pacote tag manifest for @types/type-check@ts3.6 fetched in 143ms
324 silly pacote tag manifest for @types/type-detect@ts3.6 fetched in 138ms
325 http fetch GET 304 https://registry.npmjs.org/@types%2ftype-is 114ms (from cache)
326 silly pacote tag manifest for @types/type-is@ts3.6 fetched in 123ms
327 http fetch GET 304 https://registry.npmjs.org/@types%2funiq 217ms (from cache)
328 http fetch GET 304 https://registry.npmjs.org/@types%2furix 218ms (from cache)
329 silly pacote tag manifest for @types/uniq@ts3.6 fetched in 226ms
330 silly pacote tag manifest for @types/urix@ts3.6 fetched in 225ms
331 http fetch GET 304 https://registry.npmjs.org/@types%2funiversalify 242ms (from cache)
332 silly pacote tag manifest for @types/universalify@ts3.6 fetched in 245ms
333 http fetch GET 304 https://registry.npmjs.org/@types%2futil-deprecate 110ms (from cache)
334 http fetch GET 304 https://registry.npmjs.org/@types%2futil.promisify 109ms (from cache)
335 http fetch GET 304 https://registry.npmjs.org/@types%2futils-merge 93ms (from cache)
336 silly pacote tag manifest for @types/util-deprecate@ts3.6 fetched in 116ms
337 silly pacote tag manifest for @types/util.promisify@ts3.6 fetched in 114ms
338 silly pacote tag manifest for @types/utils-merge@ts3.6 fetched in 101ms
339 http fetch GET 304 https://registry.npmjs.org/@types%2fvalidate-npm-package-license 118ms (from cache)
340 http fetch GET 304 https://registry.npmjs.org/@types%2fuuid 122ms (from cache)
341 silly pacote tag manifest for @types/validate-npm-package-license@ts3.6 fetched in 132ms
342 http fetch GET 304 https://registry.npmjs.org/@types%2fvary 131ms (from cache)
343 silly pacote tag manifest for @types/uuid@ts3.6 fetched in 137ms
344 silly pacote tag manifest for @types/vary@ts3.6 fetched in 135ms
345 http fetch GET 304 https://registry.npmjs.org/@types%2fw3c-xmlserializer 103ms (from cache)
346 http fetch GET 304 https://registry.npmjs.org/@types%2fw3c-hr-time 108ms (from cache)
347 silly pacote tag manifest for @types/w3c-xmlserializer@ts3.6 fetched in 108ms
348 silly pacote tag manifest for @types/w3c-hr-time@ts3.6 fetched in 112ms
349 http fetch GET 304 https://registry.npmjs.org/@types%2fstringify-object 1826ms (from cache)
350 silly pacote tag manifest for @types/stringify-object@ts3.6 fetched in 1832ms
351 http fetch GET 304 https://registry.npmjs.org/@types%2fwebpack 92ms (from cache)
352 silly pacote tag manifest for @types/webpack@ts3.6 fetched in 100ms
353 http fetch GET 304 https://registry.npmjs.org/@types%2fwebidl-conversions 103ms (from cache)
354 silly pacote tag manifest for @types/webidl-conversions@ts3.6 fetched in 107ms
355 http fetch GET 304 https://registry.npmjs.org/@types%2fstrip-comments 1857ms (from cache)
356 silly pacote tag manifest for @types/strip-comments@ts3.6 fetched in 1866ms
357 http fetch GET 304 https://registry.npmjs.org/@types%2fwebpack-manifest-plugin 82ms (from cache)
358 silly pacote tag manifest for @types/webpack-manifest-plugin@ts3.6 fetched in 85ms
359 http fetch GET 304 https://registry.npmjs.org/@types%2fwebpack-sources 85ms (from cache)
360 silly pacote tag manifest for @types/webpack-sources@ts3.6 fetched in 95ms
361 http fetch GET 304 https://registry.npmjs.org/@types%2fwhatwg-mimetype 86ms (from cache)
362 silly pacote tag manifest for @types/whatwg-mimetype@ts3.6 fetched in 89ms
363 http fetch GET 304 https://registry.npmjs.org/@types%2fwhatwg-url 79ms (from cache)
364 silly pacote tag manifest for @types/whatwg-url@ts3.6 fetched in 82ms
365 http fetch GET 304 https://registry.npmjs.org/@types%2fsupports-color 1868ms (from cache)
366 silly pacote tag manifest for @types/supports-color@ts3.6 fetched in 1877ms
367 http fetch GET 304 https://registry.npmjs.org/@types%2fwhich 79ms (from cache)
368 silly pacote tag manifest for @types/which@ts3.6 fetched in 82ms
369 http fetch GET 200 https://registry.npmjs.org/@types%2fwhich-boxed-primitive 81ms
370 silly fetchPackageMetaData error for @types/which-boxed-primitive@ts3.6 No matching version found for @types/which-boxed-primitive@ts3.6.
371 http fetch GET 304 https://registry.npmjs.org/@types%2fwhich-pm-runs 81ms (from cache)
372 silly pacote tag manifest for @types/which-pm-runs@ts3.6 fetched in 84ms
373 http fetch GET 304 https://registry.npmjs.org/@types%2ftr46 1203ms (from cache)
374 silly registry:manifest no matching version for @types/tr46@ts3.6 in the cache. Forcing revalidation.
375 http fetch GET 304 https://registry.npmjs.org/@types%2fws 82ms (from cache)
376 silly pacote tag manifest for @types/ws@ts3.6 fetched in 86ms
377 http fetch GET 200 https://registry.npmjs.org/@types%2ftr46 81ms
378 silly fetchPackageMetaData error for @types/tr46@ts3.6 No matching version found for @types/tr46@ts3.6.
379 http fetch GET 304 https://registry.npmjs.org/@types%2fwrap-ansi 207ms (from cache)
380 http fetch GET 200 https://registry.npmjs.org/@types%2fxml-name-validator 81ms
381 silly fetchPackageMetaData error for @types/xml-name-validator@ts3.6 No matching version found for @types/xml-name-validator@ts3.6.
382 silly pacote tag manifest for @types/wrap-ansi@ts3.6 fetched in 213ms
383 http fetch GET 304 https://registry.npmjs.org/@types%2fxtend 93ms (from cache)
384 silly pacote tag manifest for @types/xtend@ts3.6 fetched in 98ms
385 http fetch GET 304 https://registry.npmjs.org/@types%2fyargs 94ms (from cache)
386 http fetch GET 304 https://registry.npmjs.org/@types%2fyallist 100ms (from cache)
387 silly pacote tag manifest for @types/yargs@ts3.6 fetched in 99ms
388 silly pacote tag manifest for @types/yallist@ts3.6 fetched in 104ms
389 http fetch GET 304 https://registry.npmjs.org/@types%2fyargs-parser 100ms (from cache)
390 silly pacote tag manifest for @types/yargs-parser@ts3.6 fetched in 109ms
391 http fetch GET 304 https://registry.npmjs.org/@types%2ftext-table 1906ms (from cache)
392 silly pacote tag manifest for @types/text-table@ts3.6 fetched in 1909ms
393 http fetch GET 200 https://registry.npmjs.org/@types%2funbox-primitive 1899ms
394 silly fetchPackageMetaData error for @types/unbox-primitive@ts3.6 No matching version found for @types/unbox-primitive@ts3.6.
395 http fetch GET 304 https://registry.npmjs.org/@types%2furl-parse 1829ms (from cache)
396 silly pacote tag manifest for @types/url-parse@ts3.6 fetched in 1831ms
397 http fetch GET 304 https://registry.npmjs.org/@types%2fwatchpack 1857ms (from cache)
398 silly pacote tag manifest for @types/watchpack@ts3.6 fetched in 1867ms
399 http fetch GET 304 https://registry.npmjs.org/@types%2fwhatwg-encoding 1880ms (from cache)
400 silly pacote tag manifest for @types/whatwg-encoding@ts3.6 fetched in 1882ms
401 http fetch GET 304 https://registry.npmjs.org/@types%2fwrite-file-atomic 1824ms (from cache)
402 silly pacote tag manifest for @types/write-file-atomic@ts3.6 fetched in 1826ms
403 http fetch GET 304 https://registry.npmjs.org/@types%2fworkbox-sw 1964ms (from cache)
404 silly pacote tag manifest for @types/workbox-sw@ts3.6 fetched in 1966ms
405 timing stage:rollbackFailedOptional Completed in 0ms
406 timing stage:runTopLevelLifecycles Completed in 10699ms
407 verbose type tag
408 verbose stack @types/neo-async: No matching version found for @types/neo-async@ts3.6.
408 verbose stack     at pickManifest (/usr/local/lib/node_modules/npm/node_modules/npm-pick-manifest/index.js:122:13)
408 verbose stack     at /usr/local/lib/node_modules/npm/node_modules/pacote/lib/fetchers/registry/manifest.js:24:14
408 verbose stack     at tryCatcher (/usr/local/lib/node_modules/npm/node_modules/bluebird/js/release/util.js:16:23)
408 verbose stack     at Promise._settlePromiseFromHandler (/usr/local/lib/node_modules/npm/node_modules/bluebird/js/release/promise.js:517:31)
408 verbose stack     at Promise._settlePromise (/usr/local/lib/node_modules/npm/node_modules/bluebird/js/release/promise.js:574:18)
408 verbose stack     at Promise._settlePromise0 (/usr/local/lib/node_modules/npm/node_modules/bluebird/js/release/promise.js:619:10)
408 verbose stack     at Promise._settlePromises (/usr/local/lib/node_modules/npm/node_modules/bluebird/js/release/promise.js:699:18)
408 verbose stack     at _drainQueueStep (/usr/local/lib/node_modules/npm/node_modules/bluebird/js/release/async.js:138:12)
408 verbose stack     at _drainQueue (/usr/local/lib/node_modules/npm/node_modules/bluebird/js/release/async.js:131:9)
408 verbose stack     at Async._drainQueues (/usr/local/lib/node_modules/npm/node_modules/bluebird/js/release/async.js:147:5)
408 verbose stack     at Immediate.Async.drainQueues [as _onImmediate] (/usr/local/lib/node_modules/npm/node_modules/bluebird/js/release/async.js:17:14)
408 verbose stack     at processImmediate (internal/timers.js:456:21)
409 verbose cwd /home/theia/.cache/typescript/3.6
410 verbose Linux 5.10.16.3-microsoft-standard-WSL2
411 verbose argv "/usr/local/bin/node" "/usr/local/bin/npm" "install" "--ignore-scripts" "@types/lodash.memoize@ts3.6" "@types/lodash.merge@ts3.6" "@types/lodash.template@ts3.6" "@types/lodash.truncate@ts3.6" "@types/lodash.uniq@ts3.6" "@types/media-typer@ts3.6" "@types/memory-fs@ts3.6" "@types/memorystream@ts3.6" "@types/merge-descriptors@ts3.6" "@types/merge-stream@ts3.6" "@types/merge2@ts3.6" "@types/methods@ts3.6" "@types/micromatch@ts3.6" "@types/mime@ts3.6" "@types/mime-db@ts3.6" "@types/mime-types@ts3.6" "@types/min-indent@ts3.6" "@types/minimalistic-assert@ts3.6" "@types/minimist@ts3.6" "@types/minizlib@ts3.6" "@types/move-concurrently@ts3.6" "@types/ms@ts3.6" "@types/multicast-dns@ts3.6" "@types/natural-compare@ts3.6" "@types/negotiator@ts3.6" "@types/neo-async@ts3.6" "@types/next-tick@ts3.6" "@types/nice-try@ts3.6" "@types/node-forge@ts3.6" "@types/node-int64@ts3.6" "@types/node-notifier@ts3.6" "@types/normalize-package-data@ts3.6" "@types/normalize-path@ts3.6" "@types/num2fraction@ts3.6" "@types/nwsapi@ts3.6" "@types/object-assign@ts3.6" "@types/object-inspect@ts3.6" "@types/object-keys@ts3.6" "@types/object.fromentries@ts3.6" "@types/object.getownpropertydescriptors@ts3.6" "@types/object.pick@ts3.6" "@types/on-finished@ts3.6" "@types/on-headers@ts3.6" "@types/once@ts3.6" "@types/optimize-css-assets-webpack-plugin@ts3.6" "@types/pako@ts3.6" "@types/parallel-transform@ts3.6" "@types/parse-json@ts3.6" "@types/parseurl@ts3.6" "@types/pascalcase@ts3.6" "@types/path-browserify@ts3.6" "@types/path-is-absolute@ts3.6" "@types/path-is-inside@ts3.6" "@types/path-parse@ts3.6" "@types/pbkdf2@ts3.6" "@types/picomatch@ts3.6" "@types/pify@ts3.6" "@types/postcss-flexbugs-fixes@ts3.6" "@types/postcss-gap-properties@ts3.6" "@types/postcss-modules-extract-imports@ts3.6" "@types/postcss-modules-local-by-default@ts3.6" "@types/postcss-modules-scope@ts3.6" "@types/postcss-modules-values@ts3.6" "@types/postcss-normalize@ts3.6" "@types/postcss-safe-parser@ts3.6" "@types/prelude-ls@ts3.6" "@types/prettier-linter-helpers@ts3.6" "@types/progress@ts3.6" "@types/promise-inflight@ts3.6" "@types/prompts@ts3.6" "@types/prop-types@ts3.6" "@types/proxy-addr@ts3.6" "@types/psl@ts3.6" "@types/pump@ts3.6" "@types/pumpify@ts3.6" "@types/punycode@ts3.6" "@types/q@ts3.6" "@types/qs@ts3.6" "@types/querystringify@ts3.6" "@types/raf@ts3.6" "@types/randombytes@ts3.6" "@types/range-parser@ts3.6" "@types/react-dev-utils@ts3.6" "@types/react-is@ts3.6" "@types/react-refresh@ts3.6" "@types/readable-stream@ts3.6" "@types/recursive-readdir@ts3.6" "@types/regenerate@ts3.6" "@types/regenerator-runtime@ts3.6" "@types/regex-not@ts3.6" "@types/relateurl@ts3.6" "@types/repeat-element@ts3.6" "@types/repeat-string@ts3.6" "@types/require-directory@ts3.6" "@types/require-from-string@ts3.6" "@types/requires-port@ts3.6" "@types/resolve@ts3.6" "@types/retry@ts3.6" "@types/ripemd160@ts3.6" "@types/rsvp@ts3.6" "@types/run-parallel@ts3.6" "@types/safe-regex@ts3.6" "@types/safe-regex-test@ts3.6" "@types/safer-buffer@ts3.6" "@types/sane@ts3.6" "@types/sass-loader@ts3.6" "@types/sax@ts3.6" "@types/scheduler@ts3.6" "@types/selfsigned@ts3.6" "@types/semver@ts3.6" "@types/semver-compare@ts3.6" "@types/send@ts3.6" "@types/serialize-javascript@ts3.6" "@types/serve-index@ts3.6" "@types/serve-static@ts3.6" "@types/set-blocking@ts3.6" "@types/set-value@ts3.6" "@types/setimmediate@ts3.6" "@types/sha.js@ts3.6" "@types/shebang-command@ts3.6" "@types/shell-quote@ts3.6" "@types/signal-exit@ts3.6" "@types/simple-swizzle@ts3.6" "@types/slice-ansi@ts3.6" "@types/sockjs@ts3.6" "@types/sockjs-client@ts3.6" "@types/source-list-map@ts3.6" "@types/source-map-support@ts3.6" "@types/spdx-correct@ts3.6" "@types/spdx-expression-parse@ts3.6" "@types/spdy@ts3.6" "@types/sprintf@ts3.6" "@types/sprintf-js@ts3.6" "@types/ssri@ts3.6" "@types/stack-utils@ts3.6" "@types/statuses@ts3.6" "@types/stream-each@ts3.6" "@types/stream-shift@ts3.6" "@types/strict-uri-encode@ts3.6" "@types/string-natural-compare@ts3.6" "@types/string.prototype.matchall@ts3.6" "@types/stringify-object@ts3.6" "@types/strip-comments@ts3.6" "@types/strip-final-newline@ts3.6" "@types/supports-color@ts3.6" "@types/svg-parser@ts3.6" "@types/symbol-tree@ts3.6" "@types/tapable@ts3.6" "@types/tar@ts3.6" "@types/text-table@ts3.6" "@types/through@ts3.6" "@types/through2@ts3.6" "@types/thunky@ts3.6" "@types/timsort@ts3.6" "@types/tmpl@ts3.6" "@types/to-regex@ts3.6" "@types/to-regex-range@ts3.6" "@types/toidentifier@ts3.6" "@types/tough-cookie@ts3.6" "@types/tr46@ts3.6" "@types/tryer@ts3.6" "@types/type-check@ts3.6" "@types/type-detect@ts3.6" "@types/type-is@ts3.6" "@types/typedarray-to-buffer@ts3.6" "@types/unbox-primitive@ts3.6" "@types/uniq@ts3.6" "@types/universalify@ts3.6" "@types/urix@ts3.6" "@types/url-parse@ts3.6" "@types/util-deprecate@ts3.6" "@types/util.promisify@ts3.6" "@types/utils-merge@ts3.6" "@types/uuid@ts3.6" "@types/validate-npm-package-license@ts3.6" "@types/vary@ts3.6" "@types/w3c-hr-time@ts3.6" "@types/w3c-xmlserializer@ts3.6" "@types/watchpack@ts3.6" "@types/webidl-conversions@ts3.6" "@types/webpack@ts3.6" "@types/webpack-manifest-plugin@ts3.6" "@types/webpack-sources@ts3.6" "@types/whatwg-encoding@ts3.6" "@types/whatwg-mimetype@ts3.6" "@types/whatwg-url@ts3.6" "@types/which@ts3.6" "@types/which-boxed-primitive@ts3.6" "@types/which-pm-runs@ts3.6" "@types/workbox-sw@ts3.6" "@types/wrap-ansi@ts3.6" "@types/write-file-atomic@ts3.6" "@types/ws@ts3.6" "@types/xml-name-validator@ts3.6" "@types/xtend@ts3.6" "@types/yallist@ts3.6" "@types/yargs@ts3.6" "@types/yargs-parser@ts3.6" "--save-dev" "--user-agent=typesInstaller/3.6.3"
412 verbose node v12.18.3
413 verbose npm  v6.14.6
414 error code ETARGET
415 error notarget No matching version found for @types/neo-async@ts3.6.
416 error notarget In most cases you or one of your dependencies are requesting
416 error notarget a package version that doesn't exist.
417 verbose exit [ 1, true ]
