0 info it worked if it ends with ok
1 verbose cli [
1 verbose cli   '/usr/local/bin/node',
1 verbose cli   '/usr/local/bin/npm',
1 verbose cli   'install',
1 verbose cli   '--ignore-scripts',
1 verbose cli   '@types/testing-library__jest-dom@ts3.6',
1 verbose cli   '@types/react@ts3.6',
1 verbose cli   '@types/react-dom@ts3.6',
1 verbose cli   '@types/eslint-config-prettier@ts3.6',
1 verbose cli   '@types/eslint-plugin-prettier@ts3.6',
1 verbose cli   '@types/lint-staged@ts3.6',
1 verbose cli   '@types/prettier@ts3.6',
1 verbose cli   '@types/accepts@ts3.6',
1 verbose cli   '@types/argparse@ts3.6',
1 verbose cli   '@types/aria-query@ts3.6',
1 verbose cli   '@types/arr-diff@ts3.6',
1 verbose cli   '@types/arr-union@ts3.6',
1 verbose cli   '@types/array-unique@ts3.6',
1 verbose cli   '@types/array.prototype.flat@ts3.6',
1 verbose cli   '@types/array.prototype.flatmap@ts3.6',
1 verbose cli   '@types/asap@ts3.6',
1 verbose cli   '@types/assert@ts3.6',
1 verbose cli   '@types/async@ts3.6',
1 verbose cli   '@types/atob@ts3.6',
1 verbose cli   '@types/babel-plugin-macros@ts3.6',
1 verbose cli   '@types/babylon@ts3.6',
1 verbose cli   '@types/balanced-match@ts3.6',
1 verbose cli   '@types/big.js@ts3.6',
1 verbose cli   '@types/bluebird@ts3.6',
1 verbose cli   '@types/bn.js@ts3.6',
1 verbose cli   '@types/body-parser@ts3.6',
1 verbose cli   '@types/bonjour@ts3.6',
1 verbose cli   '@types/boolbase@ts3.6',
1 verbose cli   '@types/brace-expansion@ts3.6',
1 verbose cli   '@types/braces@ts3.6',
1 verbose cli   '@types/brorand@ts3.6',
1 verbose cli   '@types/bser@ts3.6',
1 verbose cli   '@types/buffer-from@ts3.6',
1 verbose cli   '@types/buffer-xor@ts3.6',
1 verbose cli   '@types/bytes@ts3.6',
1 verbose cli   '@types/cacache@ts3.6',
1 verbose cli   '@types/call-bind@ts3.6',
1 verbose cli   '@types/caniuse-api@ts3.6',
1 verbose cli   '@types/caniuse-lite@ts3.6',
1 verbose cli   '@types/case-sensitive-paths-webpack-plugin@ts3.6',
1 verbose cli   '@types/check-types@ts3.6',
1 verbose cli   '@types/chownr@ts3.6',
1 verbose cli   '@types/cipher-base@ts3.6',
1 verbose cli   '@types/clean-css@ts3.6',
1 verbose cli   '@types/co@ts3.6',
1 verbose cli   '@types/color@ts3.6',
1 verbose cli   '@types/color-convert@ts3.6',
1 verbose cli   '@types/color-name@ts3.6',
1 verbose cli   '@types/color-string@ts3.6',
1 verbose cli   '@types/combined-stream@ts3.6',
1 verbose cli   '@types/common-tags@ts3.6',
1 verbose cli   '@types/commondir@ts3.6',
1 verbose cli   '@types/component-emitter@ts3.6',
1 verbose cli   '@types/compose-function@ts3.6',
1 verbose cli   '@types/compressible@ts3.6',
1 verbose cli   '@types/compression@ts3.6',
1 verbose cli   '@types/concat-map@ts3.6',
1 verbose cli   '@types/concat-stream@ts3.6',
1 verbose cli   '@types/confusing-browser-globals@ts3.6',
1 verbose cli   '@types/connect-history-api-fallback@ts3.6',
1 verbose cli   '@types/content-disposition@ts3.6',
1 verbose cli   '@types/content-type@ts3.6',
1 verbose cli   '@types/convert-source-map@ts3.6',
1 verbose cli   '@types/cookie@ts3.6',
1 verbose cli   '@types/cookie-signature@ts3.6',
1 verbose cli   '@types/core-js@ts3.6',
1 verbose cli   '@types/create-hash@ts3.6',
1 verbose cli   '@types/create-hmac@ts3.6',
1 verbose cli   '@types/cross-spawn@ts3.6',
1 verbose cli   '@types/css@ts3.6',
1 verbose cli   '@types/css-declaration-sorter@ts3.6',
1 verbose cli   '@types/css-tree@ts3.6',
1 verbose cli   '@types/css.escape@ts3.6',
1 verbose cli   '@types/cssesc@ts3.6',
1 verbose cli   '@types/csso@ts3.6',
1 verbose cli   '@types/cssom@ts3.6',
1 verbose cli   '@types/cssstyle@ts3.6',
1 verbose cli   '@types/d@ts3.6',
1 verbose cli   '@types/damerau-levenshtein@ts3.6',
1 verbose cli   '@types/data-urls@ts3.6',
1 verbose cli   '@types/debug@ts3.6',
1 verbose cli   '@types/decode-uri-component@ts3.6',
1 verbose cli   '@types/dedent@ts3.6',
1 verbose cli   '@types/deep-equal@ts3.6',
1 verbose cli   '@types/default-gateway@ts3.6',
1 verbose cli   '@types/define-properties@ts3.6',
1 verbose cli   '@types/depd@ts3.6',
1 verbose cli   '@types/destroy@ts3.6',
1 verbose cli   '@types/detect-node@ts3.6',
1 verbose cli   '@types/diffie-hellman@ts3.6',
1 verbose cli   '@types/dir-glob@ts3.6',
1 verbose cli   '@types/dns-packet@ts3.6',
1 verbose cli   '@types/dns-txt@ts3.6',
1 verbose cli   '@types/doctrine@ts3.6',
1 verbose cli   '@types/domexception@ts3.6',
1 verbose cli   '@types/domutils@ts3.6',
1 verbose cli   ... 105 more items
1 verbose cli ]
2 info using npm@6.14.6
3 info using node@v12.18.3
4 verbose npm-session b735630c88ee8734
5 silly install loadCurrentTree
6 silly install readLocalPackageData
7 http fetch GET 304 https://registry.npmjs.org/@types%2feslint-plugin-prettier 538ms (from cache)
8 silly pacote tag manifest for @types/eslint-plugin-prettier@ts3.6 fetched in 542ms
9 http fetch GET 304 https://registry.npmjs.org/@types%2fargparse 538ms (from cache)
10 silly pacote tag manifest for @types/argparse@ts3.6 fetched in 543ms
11 http fetch GET 200 https://registry.npmjs.org/@types%2flint-staged 733ms
12 silly fetchPackageMetaData error for @types/lint-staged@ts3.6 No matching version found for @types/lint-staged@ts3.6.
13 http fetch GET 304 https://registry.npmjs.org/@types%2feslint-config-prettier 743ms (from cache)
14 http fetch GET 304 https://registry.npmjs.org/@types%2faria-query 737ms (from cache)
15 http fetch GET 304 https://registry.npmjs.org/@types%2freact-dom 749ms (from cache)
16 http fetch GET 304 https://registry.npmjs.org/@types%2fprettier 746ms (from cache)
17 silly pacote tag manifest for @types/eslint-config-prettier@ts3.6 fetched in 756ms
18 silly pacote tag manifest for @types/aria-query@ts3.6 fetched in 751ms
19 http fetch GET 304 https://registry.npmjs.org/@types%2farr-union 211ms (from cache)
20 silly pacote tag manifest for @types/react-dom@ts3.6 fetched in 762ms
21 silly pacote tag manifest for @types/prettier@ts3.6 fetched in 760ms
22 http fetch GET 304 https://registry.npmjs.org/@types%2freact 774ms (from cache)
23 silly pacote tag manifest for @types/arr-union@ts3.6 fetched in 235ms
24 http fetch GET 304 https://registry.npmjs.org/@types%2farr-diff 245ms (from cache)
25 silly pacote tag manifest for @types/react@ts3.6 fetched in 799ms
26 silly pacote tag manifest for @types/arr-diff@ts3.6 fetched in 258ms
27 http fetch GET 304 https://registry.npmjs.org/@types%2farray-unique 217ms (from cache)
28 silly pacote tag manifest for @types/array-unique@ts3.6 fetched in 220ms
29 http fetch GET 304 https://registry.npmjs.org/@types%2farray.prototype.flat 208ms (from cache)
30 silly pacote tag manifest for @types/array.prototype.flat@ts3.6 fetched in 217ms
31 http fetch GET 304 https://registry.npmjs.org/@types%2fatob 219ms (from cache)
32 silly pacote tag manifest for @types/atob@ts3.6 fetched in 239ms
33 http fetch GET 304 https://registry.npmjs.org/@types%2fasync 248ms (from cache)
34 http fetch GET 304 https://registry.npmjs.org/@types%2fassert 288ms (from cache)
35 silly pacote tag manifest for @types/async@ts3.6 fetched in 268ms
36 silly pacote tag manifest for @types/assert@ts3.6 fetched in 306ms
37 http fetch GET 304 https://registry.npmjs.org/@types%2fbalanced-match 168ms (from cache)
38 http fetch GET 304 https://registry.npmjs.org/@types%2fbabylon 186ms (from cache)
39 silly pacote tag manifest for @types/balanced-match@ts3.6 fetched in 174ms
40 http fetch GET 304 https://registry.npmjs.org/@types%2fasap 389ms (from cache)
41 http fetch GET 304 https://registry.npmjs.org/@types%2faccepts 1146ms (from cache)
42 silly pacote tag manifest for @types/babylon@ts3.6 fetched in 192ms
43 silly pacote tag manifest for @types/asap@ts3.6 fetched in 392ms
44 silly pacote tag manifest for @types/accepts@ts3.6 fetched in 1152ms
45 http fetch GET 304 https://registry.npmjs.org/@types%2fbabel-plugin-macros 406ms (from cache)
46 silly pacote tag manifest for @types/babel-plugin-macros@ts3.6 fetched in 408ms
47 http fetch GET 304 https://registry.npmjs.org/@types%2fbn.js 146ms (from cache)
48 http fetch GET 304 https://registry.npmjs.org/@types%2fbig.js 186ms (from cache)
49 silly pacote tag manifest for @types/bn.js@ts3.6 fetched in 157ms
50 http fetch GET 304 https://registry.npmjs.org/@types%2fbluebird 160ms (from cache)
51 silly pacote tag manifest for @types/big.js@ts3.6 fetched in 197ms
52 silly pacote tag manifest for @types/bluebird@ts3.6 fetched in 170ms
53 http fetch GET 304 https://registry.npmjs.org/@types%2fbody-parser 109ms (from cache)
54 silly pacote tag manifest for @types/body-parser@ts3.6 fetched in 113ms
55 http fetch GET 304 https://registry.npmjs.org/@types%2fbrace-expansion 111ms (from cache)
56 http fetch GET 304 https://registry.npmjs.org/@types%2fbonjour 118ms (from cache)
57 silly pacote tag manifest for @types/brace-expansion@ts3.6 fetched in 116ms
58 silly pacote tag manifest for @types/bonjour@ts3.6 fetched in 122ms
59 http fetch GET 304 https://registry.npmjs.org/@types%2fbraces 85ms (from cache)
60 silly pacote tag manifest for @types/braces@ts3.6 fetched in 87ms
61 http fetch GET 304 https://registry.npmjs.org/@types%2fbrorand 92ms (from cache)
62 silly pacote tag manifest for @types/brorand@ts3.6 fetched in 94ms
63 http fetch GET 304 https://registry.npmjs.org/@types%2fbser 119ms (from cache)
64 silly pacote tag manifest for @types/bser@ts3.6 fetched in 123ms
65 http fetch GET 304 https://registry.npmjs.org/@types%2fbuffer-xor 104ms (from cache)
66 silly pacote tag manifest for @types/buffer-xor@ts3.6 fetched in 108ms
67 http fetch GET 304 https://registry.npmjs.org/@types%2fcacache 117ms (from cache)
68 silly pacote tag manifest for @types/cacache@ts3.6 fetched in 121ms
69 http fetch GET 304 https://registry.npmjs.org/@types%2fbytes 128ms (from cache)
70 silly pacote tag manifest for @types/bytes@ts3.6 fetched in 135ms
71 http fetch GET 304 https://registry.npmjs.org/@types%2fcall-bind 117ms (from cache)
72 silly registry:manifest no matching version for @types/call-bind@ts3.6 in the cache. Forcing revalidation.
73 http fetch GET 304 https://registry.npmjs.org/@types%2fcaniuse-api 113ms (from cache)
74 silly pacote tag manifest for @types/caniuse-api@ts3.6 fetched in 114ms
75 http fetch GET 304 https://registry.npmjs.org/@types%2fcaniuse-lite 96ms (from cache)
76 silly pacote tag manifest for @types/caniuse-lite@ts3.6 fetched in 100ms
77 http fetch GET 304 https://registry.npmjs.org/@types%2fbuffer-from 224ms (from cache)
78 silly pacote tag manifest for @types/buffer-from@ts3.6 fetched in 227ms
79 http fetch GET 304 https://registry.npmjs.org/@types%2fcase-sensitive-paths-webpack-plugin 96ms (from cache)
80 silly pacote tag manifest for @types/case-sensitive-paths-webpack-plugin@ts3.6 fetched in 100ms
81 http fetch GET 304 https://registry.npmjs.org/@types%2fcheck-types 111ms (from cache)
82 silly pacote tag manifest for @types/check-types@ts3.6 fetched in 119ms
83 http fetch GET 200 https://registry.npmjs.org/@types%2fcall-bind 113ms
84 silly fetchPackageMetaData error for @types/call-bind@ts3.6 No matching version found for @types/call-bind@ts3.6.
85 http fetch GET 304 https://registry.npmjs.org/@types%2fcipher-base 123ms (from cache)
86 silly pacote tag manifest for @types/cipher-base@ts3.6 fetched in 135ms
87 http fetch GET 304 https://registry.npmjs.org/@types%2fclean-css 123ms (from cache)
88 http fetch GET 304 https://registry.npmjs.org/@types%2fchownr 175ms (from cache)
89 silly pacote tag manifest for @types/chownr@ts3.6 fetched in 180ms
90 silly pacote tag manifest for @types/clean-css@ts3.6 fetched in 135ms
91 http fetch GET 304 https://registry.npmjs.org/@types%2fcolor 124ms (from cache)
92 silly pacote tag manifest for @types/color@ts3.6 fetched in 156ms
93 http fetch GET 304 https://registry.npmjs.org/@types%2fcolor-convert 207ms (from cache)
94 silly pacote tag manifest for @types/color-convert@ts3.6 fetched in 210ms
95 http fetch GET 304 https://registry.npmjs.org/@types%2fcolor-string 189ms (from cache)
96 http fetch GET 304 https://registry.npmjs.org/@types%2fco 303ms (from cache)
97 silly pacote tag manifest for @types/color-string@ts3.6 fetched in 211ms
98 http fetch GET 304 https://registry.npmjs.org/@types%2fcolor-name 248ms (from cache)
99 silly pacote tag manifest for @types/co@ts3.6 fetched in 322ms
100 silly pacote tag manifest for @types/color-name@ts3.6 fetched in 260ms
101 http fetch GET 304 https://registry.npmjs.org/@types%2fcombined-stream 221ms (from cache)
102 silly pacote tag manifest for @types/combined-stream@ts3.6 fetched in 226ms
103 http fetch GET 304 https://registry.npmjs.org/@types%2fcommon-tags 224ms (from cache)
104 silly pacote tag manifest for @types/common-tags@ts3.6 fetched in 228ms
105 http fetch GET 304 https://registry.npmjs.org/@types%2fcomponent-emitter 114ms (from cache)
106 silly pacote tag manifest for @types/component-emitter@ts3.6 fetched in 115ms
107 http fetch GET 304 https://registry.npmjs.org/@types%2fcompressible 91ms (from cache)
108 silly pacote tag manifest for @types/compressible@ts3.6 fetched in 94ms
109 http fetch GET 304 https://registry.npmjs.org/@types%2fconcat-map 91ms (from cache)
110 silly pacote tag manifest for @types/concat-map@ts3.6 fetched in 93ms
111 http fetch GET 304 https://registry.npmjs.org/@types%2fconcat-stream 117ms (from cache)
112 silly pacote tag manifest for @types/concat-stream@ts3.6 fetched in 119ms
113 http fetch GET 304 https://registry.npmjs.org/@types%2fconfusing-browser-globals 109ms (from cache)
114 silly pacote tag manifest for @types/confusing-browser-globals@ts3.6 fetched in 112ms
115 http fetch GET 304 https://registry.npmjs.org/@types%2fcompression 202ms (from cache)
116 silly pacote tag manifest for @types/compression@ts3.6 fetched in 209ms
117 http fetch GET 304 https://registry.npmjs.org/@types%2fconnect-history-api-fallback 128ms (from cache)
118 silly pacote tag manifest for @types/connect-history-api-fallback@ts3.6 fetched in 136ms
119 http fetch GET 304 https://registry.npmjs.org/@types%2fcontent-disposition 119ms (from cache)
120 http fetch GET 304 https://registry.npmjs.org/@types%2fcompose-function 249ms (from cache)
121 silly pacote tag manifest for @types/content-disposition@ts3.6 fetched in 128ms
122 silly pacote tag manifest for @types/compose-function@ts3.6 fetched in 255ms
123 http fetch GET 304 https://registry.npmjs.org/@types%2fcontent-type 114ms (from cache)
124 silly pacote tag manifest for @types/content-type@ts3.6 fetched in 117ms
125 http fetch GET 304 https://registry.npmjs.org/@types%2fconvert-source-map 120ms (from cache)
126 silly pacote tag manifest for @types/convert-source-map@ts3.6 fetched in 121ms
127 http fetch GET 304 https://registry.npmjs.org/@types%2fcookie 134ms (from cache)
128 http fetch GET 304 https://registry.npmjs.org/@types%2fcookie-signature 127ms (from cache)
129 silly pacote tag manifest for @types/cookie@ts3.6 fetched in 144ms
130 silly pacote tag manifest for @types/cookie-signature@ts3.6 fetched in 133ms
131 http fetch GET 304 https://registry.npmjs.org/@types%2fcore-js 125ms (from cache)
132 silly pacote tag manifest for @types/core-js@ts3.6 fetched in 133ms
133 http fetch GET 304 https://registry.npmjs.org/@types%2fcreate-hash 135ms (from cache)
134 silly pacote tag manifest for @types/create-hash@ts3.6 fetched in 158ms
135 http fetch GET 304 https://registry.npmjs.org/@types%2fcreate-hmac 169ms (from cache)
136 http fetch GET 304 https://registry.npmjs.org/@types%2fcross-spawn 157ms (from cache)
137 silly pacote tag manifest for @types/create-hmac@ts3.6 fetched in 175ms
138 silly pacote tag manifest for @types/cross-spawn@ts3.6 fetched in 161ms
139 http fetch GET 200 https://registry.npmjs.org/@types%2fcss.escape 122ms
140 silly fetchPackageMetaData error for @types/css.escape@ts3.6 No matching version found for @types/css.escape@ts3.6.
141 http fetch GET 304 https://registry.npmjs.org/@types%2fcss 169ms (from cache)
142 http fetch GET 304 https://registry.npmjs.org/@types%2fcss-declaration-sorter 168ms (from cache)
143 silly pacote tag manifest for @types/css@ts3.6 fetched in 173ms
144 http fetch GET 304 https://registry.npmjs.org/@types%2ftesting-library__jest-dom 2343ms (from cache)
145 silly pacote tag manifest for @types/css-declaration-sorter@ts3.6 fetched in 187ms
146 http fetch GET 304 https://registry.npmjs.org/@types%2fcss-tree 182ms (from cache)
147 silly pacote tag manifest for @types/testing-library__jest-dom@ts3.6 fetched in 2368ms
148 silly pacote tag manifest for @types/css-tree@ts3.6 fetched in 202ms
149 http fetch GET 304 https://registry.npmjs.org/@types%2fcsso 154ms (from cache)
150 http fetch GET 304 https://registry.npmjs.org/@types%2fcssesc 159ms (from cache)
151 silly pacote tag manifest for @types/csso@ts3.6 fetched in 161ms
152 silly pacote tag manifest for @types/cssesc@ts3.6 fetched in 166ms
153 http fetch GET 304 https://registry.npmjs.org/@types%2fcssom 116ms (from cache)
154 http fetch GET 304 https://registry.npmjs.org/@types%2fcssstyle 104ms (from cache)
155 silly pacote tag manifest for @types/cssom@ts3.6 fetched in 119ms
156 silly pacote tag manifest for @types/cssstyle@ts3.6 fetched in 110ms
157 http fetch GET 304 https://registry.npmjs.org/@types%2fdata-urls 99ms (from cache)
158 http fetch GET 304 https://registry.npmjs.org/@types%2fd 131ms (from cache)
159 silly pacote tag manifest for @types/data-urls@ts3.6 fetched in 102ms
160 silly pacote tag manifest for @types/d@ts3.6 fetched in 137ms
161 http fetch GET 304 https://registry.npmjs.org/@types%2fdebug 94ms (from cache)
162 silly pacote tag manifest for @types/debug@ts3.6 fetched in 97ms
163 http fetch GET 304 https://registry.npmjs.org/@types%2fdedent 87ms (from cache)
164 silly pacote tag manifest for @types/dedent@ts3.6 fetched in 91ms
165 http fetch GET 304 https://registry.npmjs.org/@types%2fdefine-properties 78ms (from cache)
166 silly pacote tag manifest for @types/define-properties@ts3.6 fetched in 81ms
167 http fetch GET 304 https://registry.npmjs.org/@types%2farray.prototype.flatmap 1828ms (from cache)
168 silly pacote tag manifest for @types/array.prototype.flatmap@ts3.6 fetched in 1829ms
169 http fetch GET 304 https://registry.npmjs.org/@types%2fdepd 111ms (from cache)
170 silly pacote tag manifest for @types/depd@ts3.6 fetched in 113ms
171 http fetch GET 304 https://registry.npmjs.org/@types%2fdeep-equal 164ms (from cache)
172 silly pacote tag manifest for @types/deep-equal@ts3.6 fetched in 168ms
173 http fetch GET 304 https://registry.npmjs.org/@types%2fdestroy 89ms (from cache)
174 silly pacote tag manifest for @types/destroy@ts3.6 fetched in 91ms
175 http fetch GET 304 https://registry.npmjs.org/@types%2fdetect-node 78ms (from cache)
176 silly pacote tag manifest for @types/detect-node@ts3.6 fetched in 79ms
177 http fetch GET 304 https://registry.npmjs.org/@types%2fdecode-uri-component 267ms (from cache)
178 silly pacote tag manifest for @types/decode-uri-component@ts3.6 fetched in 271ms
179 http fetch GET 304 https://registry.npmjs.org/@types%2fdefault-gateway 206ms (from cache)
180 silly pacote tag manifest for @types/default-gateway@ts3.6 fetched in 208ms
181 http fetch GET 200 https://registry.npmjs.org/@types%2fdns-txt 91ms
182 silly fetchPackageMetaData error for @types/dns-txt@ts3.6 No matching version found for @types/dns-txt@ts3.6.
183 http fetch GET 304 https://registry.npmjs.org/@types%2fcommondir 1093ms (from cache)
184 http fetch GET 304 https://registry.npmjs.org/@types%2fdir-glob 121ms (from cache)
185 http fetch GET 304 https://registry.npmjs.org/@types%2fdns-packet 115ms (from cache)
186 silly pacote tag manifest for @types/commondir@ts3.6 fetched in 1103ms
187 silly pacote tag manifest for @types/dir-glob@ts3.6 fetched in 125ms
188 silly pacote tag manifest for @types/dns-packet@ts3.6 fetched in 119ms
189 http fetch GET 304 https://registry.npmjs.org/@types%2fdoctrine 176ms (from cache)
190 silly pacote tag manifest for @types/doctrine@ts3.6 fetched in 183ms
191 http fetch GET 304 https://registry.npmjs.org/@types%2fdomexception 177ms (from cache)
192 silly pacote tag manifest for @types/domexception@ts3.6 fetched in 220ms
193 http fetch GET 304 https://registry.npmjs.org/@types%2fdomutils 224ms (from cache)
194 silly pacote tag manifest for @types/domutils@ts3.6 fetched in 253ms
195 http fetch GET 304 https://registry.npmjs.org/@types%2fduplexify 238ms (from cache)
196 http fetch GET 304 https://registry.npmjs.org/@types%2fee-first 226ms (from cache)
197 silly pacote tag manifest for @types/ee-first@ts3.6 fetched in 280ms
198 http fetch GET 304 https://registry.npmjs.org/@types%2fejs 281ms (from cache)
199 http fetch GET 304 https://registry.npmjs.org/@types%2felliptic 280ms (from cache)
200 silly pacote tag manifest for @types/ejs@ts3.6 fetched in 308ms
201 silly pacote tag manifest for @types/elliptic@ts3.6 fetched in 309ms
202 http fetch GET 304 https://registry.npmjs.org/@types%2fboolbase 1914ms (from cache)
203 silly pacote tag manifest for @types/boolbase@ts3.6 fetched in 1918ms
204 http fetch GET 304 https://registry.npmjs.org/@types%2fencodeurl 321ms (from cache)
205 silly pacote tag manifest for @types/encodeurl@ts3.6 fetched in 385ms
206 http fetch GET 304 https://registry.npmjs.org/@types%2fend-of-stream 339ms (from cache)
207 silly pacote tag manifest for @types/end-of-stream@ts3.6 fetched in 443ms
208 http fetch GET 304 https://registry.npmjs.org/@types%2fes-abstract 418ms (from cache)
209 http fetch GET 304 https://registry.npmjs.org/@types%2fescape-html 312ms (from cache)
210 http fetch GET 304 https://registry.npmjs.org/@types%2fes-to-primitive 325ms (from cache)
211 silly pacote tag manifest for @types/es-abstract@ts3.6 fetched in 455ms
212 silly pacote tag manifest for @types/escape-html@ts3.6 fetched in 366ms
213 silly pacote tag manifest for @types/es-to-primitive@ts3.6 fetched in 377ms
214 silly pacote tag manifest for @types/duplexify@ts3.6 fetched in 765ms
215 http fetch GET 304 https://registry.npmjs.org/@types%2fescodegen 447ms (from cache)
216 http fetch GET 304 https://registry.npmjs.org/@types%2feslint 332ms (from cache)
217 silly pacote tag manifest for @types/eslint@ts3.6 fetched in 336ms
218 silly pacote tag manifest for @types/escodegen@ts3.6 fetched in 521ms
219 http fetch GET 304 https://registry.npmjs.org/@types%2feslint-scope 339ms (from cache)
220 http fetch GET 304 https://registry.npmjs.org/@types%2feslint-utils 296ms (from cache)
221 silly pacote tag manifest for @types/eslint-scope@ts3.6 fetched in 369ms
222 http fetch GET 304 https://registry.npmjs.org/@types%2fesquery 277ms (from cache)
223 http fetch GET 304 https://registry.npmjs.org/@types%2fesprima 337ms (from cache)
224 silly pacote tag manifest for @types/eslint-utils@ts3.6 fetched in 357ms
225 silly pacote tag manifest for @types/esquery@ts3.6 fetched in 339ms
226 silly pacote tag manifest for @types/esprima@ts3.6 fetched in 386ms
227 http fetch GET 304 https://registry.npmjs.org/@types%2fes-get-iterator 842ms (from cache)
228 http fetch GET 304 https://registry.npmjs.org/@types%2fesutils 298ms (from cache)
229 silly pacote tag manifest for @types/es-get-iterator@ts3.6 fetched in 846ms
230 silly pacote tag manifest for @types/esutils@ts3.6 fetched in 314ms
231 http fetch GET 304 https://registry.npmjs.org/@types%2fetag 308ms (from cache)
232 silly pacote tag manifest for @types/etag@ts3.6 fetched in 324ms
233 http fetch GET 304 https://registry.npmjs.org/@types%2fevents 218ms (from cache)
234 silly pacote tag manifest for @types/events@ts3.6 fetched in 228ms
235 http fetch GET 304 https://registry.npmjs.org/@types%2ffast-levenshtein 171ms (from cache)
236 silly pacote tag manifest for @types/fast-levenshtein@ts3.6 fetched in 191ms
237 http fetch GET 304 https://registry.npmjs.org/@types%2ffb-watchman 221ms (from cache)
238 http fetch GET 304 https://registry.npmjs.org/@types%2ffile-entry-cache 218ms (from cache)
239 silly pacote tag manifest for @types/fb-watchman@ts3.6 fetched in 247ms
240 silly pacote tag manifest for @types/file-entry-cache@ts3.6 fetched in 233ms
241 http fetch GET 304 https://registry.npmjs.org/@types%2feventsource 369ms (from cache)
242 http fetch GET 200 https://registry.npmjs.org/@types%2ffill-range 191ms
243 silly fetchPackageMetaData error for @types/fill-range@ts3.6 No matching version found for @types/fill-range@ts3.6.
244 http fetch GET 304 https://registry.npmjs.org/@types%2ffile-loader 214ms (from cache)
245 silly pacote tag manifest for @types/eventsource@ts3.6 fetched in 387ms
246 silly pacote tag manifest for @types/file-loader@ts3.6 fetched in 241ms
247 http fetch GET 304 https://registry.npmjs.org/@types%2fdamerau-levenshtein 1828ms (from cache)
248 silly pacote tag manifest for @types/damerau-levenshtein@ts3.6 fetched in 1843ms
249 http fetch GET 304 https://registry.npmjs.org/@types%2ffind-cache-dir 198ms (from cache)
250 silly pacote tag manifest for @types/find-cache-dir@ts3.6 fetched in 200ms
251 http fetch GET 304 https://registry.npmjs.org/@types%2ffinalhandler 350ms (from cache)
252 http fetch GET 304 https://registry.npmjs.org/@types%2fflush-write-stream 232ms (from cache)
253 http fetch GET 304 https://registry.npmjs.org/@types%2fdiffie-hellman 1786ms (from cache)
254 silly pacote tag manifest for @types/finalhandler@ts3.6 fetched in 369ms
255 silly pacote tag manifest for @types/flush-write-stream@ts3.6 fetched in 259ms
256 silly pacote tag manifest for @types/diffie-hellman@ts3.6 fetched in 1806ms
257 http fetch GET 304 https://registry.npmjs.org/@types%2ffollow-redirects 367ms (from cache)
258 http fetch GET 304 https://registry.npmjs.org/@types%2fforwarded 350ms (from cache)
259 http fetch GET 304 https://registry.npmjs.org/@types%2fflat-cache 406ms (from cache)
260 http fetch GET 304 https://registry.npmjs.org/@types%2ffresh 309ms (from cache)
261 silly pacote tag manifest for @types/fresh@ts3.6 fetched in 324ms
262 silly pacote tag manifest for @types/follow-redirects@ts3.6 fetched in 389ms
263 silly pacote tag manifest for @types/forwarded@ts3.6 fetched in 373ms
264 silly pacote tag manifest for @types/flat-cache@ts3.6 fetched in 425ms
265 http fetch GET 304 https://registry.npmjs.org/@types%2ffrom2 229ms (from cache)
266 silly pacote tag manifest for @types/from2@ts3.6 fetched in 255ms
267 http fetch GET 200 https://registry.npmjs.org/@types%2ffs-minipass 180ms
268 silly fetchPackageMetaData error for @types/fs-minipass@ts3.6 No matching version found for @types/fs-minipass@ts3.6.
269 http fetch GET 304 https://registry.npmjs.org/@types%2ffunction-bind 196ms (from cache)
270 silly pacote tag manifest for @types/function-bind@ts3.6 fetched in 215ms
271 http fetch GET 200 https://registry.npmjs.org/@types%2fget-intrinsic 154ms
272 silly fetchPackageMetaData error for @types/get-intrinsic@ts3.6 No matching version found for @types/get-intrinsic@ts3.6.
273 http fetch GET 304 https://registry.npmjs.org/@types%2ffs-extra 330ms (from cache)
274 http fetch GET 304 https://registry.npmjs.org/@types%2fget-value 184ms (from cache)
275 http fetch GET 304 https://registry.npmjs.org/@types%2fglob-parent 161ms (from cache)
276 silly pacote tag manifest for @types/fs-extra@ts3.6 fetched in 351ms
277 silly pacote tag manifest for @types/glob-parent@ts3.6 fetched in 172ms
278 silly pacote tag manifest for @types/get-value@ts3.6 fetched in 215ms
279 http fetch GET 304 https://registry.npmjs.org/@types%2fglobal-modules 247ms (from cache)
280 silly pacote tag manifest for @types/global-modules@ts3.6 fetched in 249ms
281 http fetch GET 200 https://registry.npmjs.org/@types%2fhas-bigints 122ms
282 silly fetchPackageMetaData error for @types/has-bigints@ts3.6 No matching version found for @types/has-bigints@ts3.6.
283 http fetch GET 304 https://registry.npmjs.org/@types%2fglobalthis 254ms (from cache)
284 http fetch GET 304 https://registry.npmjs.org/@types%2fgraceful-fs 219ms (from cache)
285 http fetch GET 304 https://registry.npmjs.org/@types%2fhas 206ms (from cache)
286 silly pacote tag manifest for @types/globalthis@ts3.6 fetched in 269ms
287 silly pacote tag manifest for @types/has@ts3.6 fetched in 211ms
288 silly pacote tag manifest for @types/graceful-fs@ts3.6 fetched in 228ms
289 http fetch GET 304 https://registry.npmjs.org/@types%2fgopd 277ms (from cache)
290 silly registry:manifest no matching version for @types/gopd@ts3.6 in the cache. Forcing revalidation.
291 http fetch GET 304 https://registry.npmjs.org/@types%2fhex-color-regex 159ms (from cache)
292 silly pacote tag manifest for @types/hex-color-regex@ts3.6 fetched in 166ms
293 http fetch GET 200 https://registry.npmjs.org/@types%2fhas-values 174ms
294 silly fetchPackageMetaData error for @types/has-values@ts3.6 No matching version found for @types/has-values@ts3.6.
295 http fetch GET 200 https://registry.npmjs.org/@types%2fgopd 117ms
296 http fetch GET 304 https://registry.npmjs.org/@types%2fhas-symbols 183ms (from cache)
297 silly fetchPackageMetaData error for @types/gopd@ts3.6 No matching version found for @types/gopd@ts3.6.
298 http fetch GET 304 https://registry.npmjs.org/@types%2fhe 176ms (from cache)
299 silly pacote tag manifest for @types/has-symbols@ts3.6 fetched in 201ms
300 silly pacote tag manifest for @types/he@ts3.6 fetched in 195ms
301 http fetch GET 304 https://registry.npmjs.org/@types%2fhosted-git-info 89ms (from cache)
302 silly pacote tag manifest for @types/hosted-git-info@ts3.6 fetched in 94ms
303 http fetch GET 304 https://registry.npmjs.org/@types%2fhtml-encoding-sniffer 137ms (from cache)
304 silly pacote tag manifest for @types/html-encoding-sniffer@ts3.6 fetched in 139ms
305 http fetch GET 304 https://registry.npmjs.org/@types%2fhttp-errors 128ms (from cache)
306 http fetch GET 304 https://registry.npmjs.org/@types%2fhtml-minifier-terser 133ms (from cache)
307 http fetch GET 304 https://registry.npmjs.org/@types%2fhtml-escaper 149ms (from cache)
308 silly pacote tag manifest for @types/html-escaper@ts3.6 fetched in 151ms
309 silly pacote tag manifest for @types/html-minifier-terser@ts3.6 fetched in 137ms
310 silly pacote tag manifest for @types/http-errors@ts3.6 fetched in 136ms
311 http fetch GET 304 https://registry.npmjs.org/@types%2fhttp-proxy 117ms (from cache)
312 http fetch GET 304 https://registry.npmjs.org/@types%2festraverse 1858ms (from cache)
313 silly pacote tag manifest for @types/http-proxy@ts3.6 fetched in 124ms
314 silly pacote tag manifest for @types/estraverse@ts3.6 fetched in 1880ms
315 http fetch GET 304 https://registry.npmjs.org/@types%2ficss-utils 106ms (from cache)
316 silly pacote tag manifest for @types/icss-utils@ts3.6 fetched in 110ms
317 http fetch GET 304 https://registry.npmjs.org/@types%2fimurmurhash 128ms (from cache)
318 silly pacote tag manifest for @types/imurmurhash@ts3.6 fetched in 144ms
319 http fetch GET 304 https://registry.npmjs.org/@types%2fiferr 206ms (from cache)
320 http fetch GET 304 https://registry.npmjs.org/@types%2finherits 182ms (from cache)
321 silly pacote tag manifest for @types/iferr@ts3.6 fetched in 243ms
322 silly pacote tag manifest for @types/inherits@ts3.6 fetched in 187ms
323 http fetch GET 304 https://registry.npmjs.org/@types%2fini 203ms (from cache)
324 silly pacote tag manifest for @types/ini@ts3.6 fetched in 213ms
325 http fetch GET 304 https://registry.npmjs.org/@types%2finternal-slot 224ms (from cache)
326 http fetch GET 200 https://registry.npmjs.org/@types%2fimport-local 324ms
327 silly fetchPackageMetaData error for @types/import-local@ts3.6 No matching version found for @types/import-local@ts3.6.
328 silly pacote tag manifest for @types/internal-slot@ts3.6 fetched in 245ms
329 http fetch GET 304 https://registry.npmjs.org/@types%2fexit 1904ms (from cache)
330 silly pacote tag manifest for @types/exit@ts3.6 fetched in 1905ms
331 http fetch GET 304 https://registry.npmjs.org/@types%2fip 270ms (from cache)
332 silly pacote tag manifest for @types/ip@ts3.6 fetched in 276ms
333 http fetch GET 200 https://registry.npmjs.org/@types%2fis-boolean-object 136ms
334 silly fetchPackageMetaData error for @types/is-boolean-object@ts3.6 No matching version found for @types/is-boolean-object@ts3.6.
335 http fetch GET 200 https://registry.npmjs.org/@types%2fis-bigint 197ms
336 silly fetchPackageMetaData error for @types/is-bigint@ts3.6 No matching version found for @types/is-bigint@ts3.6.
337 http fetch GET 304 https://registry.npmjs.org/@types%2fis-arguments 216ms (from cache)
338 silly pacote tag manifest for @types/is-arguments@ts3.6 fetched in 230ms
339 http fetch GET 304 https://registry.npmjs.org/@types%2fglobal-prefix 1187ms (from cache)
340 silly pacote tag manifest for @types/global-prefix@ts3.6 fetched in 1190ms
341 http fetch GET 304 https://registry.npmjs.org/@types%2fis-ci 128ms (from cache)
342 silly pacote tag manifest for @types/is-ci@ts3.6 fetched in 146ms
343 http fetch GET 200 https://registry.npmjs.org/@types%2fis-data-descriptor 131ms
344 silly fetchPackageMetaData error for @types/is-data-descriptor@ts3.6 No matching version found for @types/is-data-descriptor@ts3.6.
345 http fetch GET 304 https://registry.npmjs.org/@types%2fis-core-module 139ms (from cache)
346 http fetch GET 304 https://registry.npmjs.org/@types%2fis-date-object 108ms (from cache)
347 silly pacote tag manifest for @types/is-core-module@ts3.6 fetched in 141ms
348 silly pacote tag manifest for @types/is-date-object@ts3.6 fetched in 130ms
349 http fetch GET 304 https://registry.npmjs.org/@types%2fis-glob 135ms (from cache)
350 silly pacote tag manifest for @types/is-glob@ts3.6 fetched in 137ms
351 http fetch GET 304 https://registry.npmjs.org/@types%2fis-number 99ms (from cache)
352 silly pacote tag manifest for @types/is-number@ts3.6 fetched in 101ms
353 http fetch GET 200 https://registry.npmjs.org/@types%2fis-string 92ms
354 silly fetchPackageMetaData error for @types/is-string@ts3.6 No matching version found for @types/is-string@ts3.6.
355 http fetch GET 200 https://registry.npmjs.org/@types%2fis-symbol 79ms
356 silly fetchPackageMetaData error for @types/is-symbol@ts3.6 No matching version found for @types/is-symbol@ts3.6.
357 http fetch GET 304 https://registry.npmjs.org/@types%2fis-regex 113ms (from cache)
358 silly pacote tag manifest for @types/is-regex@ts3.6 fetched in 115ms
359 http fetch GET 304 https://registry.npmjs.org/@types%2fis-typedarray 103ms (from cache)
360 silly pacote tag manifest for @types/is-typedarray@ts3.6 fetched in 105ms
361 http fetch GET 304 https://registry.npmjs.org/@types%2fisarray 93ms (from cache)
362 http fetch GET 304 https://registry.npmjs.org/@types%2fisexe 88ms (from cache)
363 silly pacote tag manifest for @types/isarray@ts3.6 fetched in 95ms
364 silly pacote tag manifest for @types/isexe@ts3.6 fetched in 91ms
365 http fetch GET 304 https://registry.npmjs.org/@types%2fistanbul-lib-coverage 109ms (from cache)
366 silly pacote tag manifest for @types/istanbul-lib-coverage@ts3.6 fetched in 111ms
367 http fetch GET 304 https://registry.npmjs.org/@types%2fistanbul-lib-instrument 109ms (from cache)
368 silly pacote tag manifest for @types/istanbul-lib-instrument@ts3.6 fetched in 111ms
369 http fetch GET 304 https://registry.npmjs.org/@types%2fistanbul-lib-report 83ms (from cache)
370 silly pacote tag manifest for @types/istanbul-lib-report@ts3.6 fetched in 85ms
371 http fetch GET 304 https://registry.npmjs.org/@types%2fistanbul-reports 79ms (from cache)
372 silly pacote tag manifest for @types/istanbul-reports@ts3.6 fetched in 81ms
373 http fetch GET 304 https://registry.npmjs.org/@types%2fistanbul-lib-source-maps 119ms (from cache)
374 silly pacote tag manifest for @types/istanbul-lib-source-maps@ts3.6 fetched in 120ms
375 http fetch GET 304 https://registry.npmjs.org/@types%2fjs-yaml 100ms (from cache)
376 silly pacote tag manifest for @types/js-yaml@ts3.6 fetched in 101ms
377 http fetch GET 304 https://registry.npmjs.org/@types%2fjsdom 83ms (from cache)
378 silly pacote tag manifest for @types/jsdom@ts3.6 fetched in 84ms
379 http fetch GET 304 https://registry.npmjs.org/@types%2fjsesc 95ms (from cache)
380 silly pacote tag manifest for @types/jsesc@ts3.6 fetched in 108ms
381 http fetch GET 304 https://registry.npmjs.org/@types%2fjson-parse-better-errors 106ms (from cache)
382 silly pacote tag manifest for @types/json-parse-better-errors@ts3.6 fetched in 109ms
383 http fetch GET 304 https://registry.npmjs.org/@types%2fjsonfile 83ms (from cache)
384 silly pacote tag manifest for @types/jsonfile@ts3.6 fetched in 85ms
385 http fetch GET 200 https://registry.npmjs.org/@types%2fjson-stable-stringify-without-jsonify 102ms
386 silly fetchPackageMetaData error for @types/json-stable-stringify-without-jsonify@ts3.6 No matching version found for @types/json-stable-stringify-without-jsonify@ts3.6.
387 http fetch GET 304 https://registry.npmjs.org/@types%2fkind-of 75ms (from cache)
388 silly pacote tag manifest for @types/kind-of@ts3.6 fetched in 78ms
389 http fetch GET 304 https://registry.npmjs.org/@types%2floader-runner 89ms (from cache)
390 silly pacote tag manifest for @types/loader-runner@ts3.6 fetched in 95ms
391 http fetch GET 304 https://registry.npmjs.org/@types%2floader-utils 83ms (from cache)
392 silly pacote tag manifest for @types/loader-utils@ts3.6 fetched in 86ms
393 http fetch GET 200 https://registry.npmjs.org/@types%2fgensync 1909ms
394 silly fetchPackageMetaData error for @types/gensync@ts3.6 No matching version found for @types/gensync@ts3.6.
395 http fetch GET 304 https://registry.npmjs.org/@types%2flodash.debounce 101ms (from cache)
396 silly pacote tag manifest for @types/lodash.debounce@ts3.6 fetched in 103ms
397 http fetch GET 304 https://registry.npmjs.org/@types%2ffunctional-red-black-tree 1934ms (from cache)
398 silly pacote tag manifest for @types/functional-red-black-tree@ts3.6 fetched in 1937ms
399 http fetch GET 304 https://registry.npmjs.org/@types%2fis-callable 1284ms (from cache)
400 silly pacote tag manifest for @types/is-callable@ts3.6 fetched in 1289ms
401 http fetch GET 304 https://registry.npmjs.org/@types%2fis-windows 1034ms (from cache)
402 silly pacote tag manifest for @types/is-windows@ts3.6 fetched in 1036ms
403 http fetch GET 304 https://registry.npmjs.org/@types%2fis-map 1235ms (from cache)
404 silly registry:manifest no matching version for @types/is-map@ts3.6 in the cache. Forcing revalidation.
405 http fetch GET 304 https://registry.npmjs.org/@types%2fis-buffer 1812ms (from cache)
406 silly pacote tag manifest for @types/is-buffer@ts3.6 fetched in 1816ms
407 http fetch GET 304 https://registry.npmjs.org/@types%2flanguage-tags 2084ms (from cache)
408 silly registry:manifest no matching version for @types/language-tags@ts3.6 in the cache. Forcing revalidation.
409 http fetch GET 200 https://registry.npmjs.org/@types%2flanguage-tags 108ms
410 silly fetchPackageMetaData error for @types/language-tags@ts3.6 No matching version found for @types/language-tags@ts3.6.
411 http fetch GET 200 https://registry.npmjs.org/@types%2fis-map 1878ms
412 silly fetchPackageMetaData error for @types/is-map@ts3.6 No matching version found for @types/is-map@ts3.6.
413 timing stage:rollbackFailedOptional Completed in 1ms
414 timing stage:runTopLevelLifecycles Completed in 8999ms
415 verbose type tag
416 verbose stack @types/lint-staged: No matching version found for @types/lint-staged@ts3.6.
416 verbose stack     at pickManifest (/usr/local/lib/node_modules/npm/node_modules/npm-pick-manifest/index.js:122:13)
416 verbose stack     at /usr/local/lib/node_modules/npm/node_modules/pacote/lib/fetchers/registry/manifest.js:24:14
416 verbose stack     at tryCatcher (/usr/local/lib/node_modules/npm/node_modules/bluebird/js/release/util.js:16:23)
416 verbose stack     at Promise._settlePromiseFromHandler (/usr/local/lib/node_modules/npm/node_modules/bluebird/js/release/promise.js:517:31)
416 verbose stack     at Promise._settlePromise (/usr/local/lib/node_modules/npm/node_modules/bluebird/js/release/promise.js:574:18)
416 verbose stack     at Promise._settlePromise0 (/usr/local/lib/node_modules/npm/node_modules/bluebird/js/release/promise.js:619:10)
416 verbose stack     at Promise._settlePromises (/usr/local/lib/node_modules/npm/node_modules/bluebird/js/release/promise.js:699:18)
416 verbose stack     at _drainQueueStep (/usr/local/lib/node_modules/npm/node_modules/bluebird/js/release/async.js:138:12)
416 verbose stack     at _drainQueue (/usr/local/lib/node_modules/npm/node_modules/bluebird/js/release/async.js:131:9)
416 verbose stack     at Async._drainQueues (/usr/local/lib/node_modules/npm/node_modules/bluebird/js/release/async.js:147:5)
416 verbose stack     at Immediate.Async.drainQueues [as _onImmediate] (/usr/local/lib/node_modules/npm/node_modules/bluebird/js/release/async.js:17:14)
416 verbose stack     at processImmediate (internal/timers.js:456:21)
417 verbose cwd /home/theia/.cache/typescript/3.6
418 verbose Linux 5.10.16.3-microsoft-standard-WSL2
419 verbose argv "/usr/local/bin/node" "/usr/local/bin/npm" "install" "--ignore-scripts" "@types/testing-library__jest-dom@ts3.6" "@types/react@ts3.6" "@types/react-dom@ts3.6" "@types/eslint-config-prettier@ts3.6" "@types/eslint-plugin-prettier@ts3.6" "@types/lint-staged@ts3.6" "@types/prettier@ts3.6" "@types/accepts@ts3.6" "@types/argparse@ts3.6" "@types/aria-query@ts3.6" "@types/arr-diff@ts3.6" "@types/arr-union@ts3.6" "@types/array-unique@ts3.6" "@types/array.prototype.flat@ts3.6" "@types/array.prototype.flatmap@ts3.6" "@types/asap@ts3.6" "@types/assert@ts3.6" "@types/async@ts3.6" "@types/atob@ts3.6" "@types/babel-plugin-macros@ts3.6" "@types/babylon@ts3.6" "@types/balanced-match@ts3.6" "@types/big.js@ts3.6" "@types/bluebird@ts3.6" "@types/bn.js@ts3.6" "@types/body-parser@ts3.6" "@types/bonjour@ts3.6" "@types/boolbase@ts3.6" "@types/brace-expansion@ts3.6" "@types/braces@ts3.6" "@types/brorand@ts3.6" "@types/bser@ts3.6" "@types/buffer-from@ts3.6" "@types/buffer-xor@ts3.6" "@types/bytes@ts3.6" "@types/cacache@ts3.6" "@types/call-bind@ts3.6" "@types/caniuse-api@ts3.6" "@types/caniuse-lite@ts3.6" "@types/case-sensitive-paths-webpack-plugin@ts3.6" "@types/check-types@ts3.6" "@types/chownr@ts3.6" "@types/cipher-base@ts3.6" "@types/clean-css@ts3.6" "@types/co@ts3.6" "@types/color@ts3.6" "@types/color-convert@ts3.6" "@types/color-name@ts3.6" "@types/color-string@ts3.6" "@types/combined-stream@ts3.6" "@types/common-tags@ts3.6" "@types/commondir@ts3.6" "@types/component-emitter@ts3.6" "@types/compose-function@ts3.6" "@types/compressible@ts3.6" "@types/compression@ts3.6" "@types/concat-map@ts3.6" "@types/concat-stream@ts3.6" "@types/confusing-browser-globals@ts3.6" "@types/connect-history-api-fallback@ts3.6" "@types/content-disposition@ts3.6" "@types/content-type@ts3.6" "@types/convert-source-map@ts3.6" "@types/cookie@ts3.6" "@types/cookie-signature@ts3.6" "@types/core-js@ts3.6" "@types/create-hash@ts3.6" "@types/create-hmac@ts3.6" "@types/cross-spawn@ts3.6" "@types/css@ts3.6" "@types/css-declaration-sorter@ts3.6" "@types/css-tree@ts3.6" "@types/css.escape@ts3.6" "@types/cssesc@ts3.6" "@types/csso@ts3.6" "@types/cssom@ts3.6" "@types/cssstyle@ts3.6" "@types/d@ts3.6" "@types/damerau-levenshtein@ts3.6" "@types/data-urls@ts3.6" "@types/debug@ts3.6" "@types/decode-uri-component@ts3.6" "@types/dedent@ts3.6" "@types/deep-equal@ts3.6" "@types/default-gateway@ts3.6" "@types/define-properties@ts3.6" "@types/depd@ts3.6" "@types/destroy@ts3.6" "@types/detect-node@ts3.6" "@types/diffie-hellman@ts3.6" "@types/dir-glob@ts3.6" "@types/dns-packet@ts3.6" "@types/dns-txt@ts3.6" "@types/doctrine@ts3.6" "@types/domexception@ts3.6" "@types/domutils@ts3.6" "@types/duplexify@ts3.6" "@types/ee-first@ts3.6" "@types/ejs@ts3.6" "@types/elliptic@ts3.6" "@types/encodeurl@ts3.6" "@types/end-of-stream@ts3.6" "@types/es-abstract@ts3.6" "@types/es-get-iterator@ts3.6" "@types/es-to-primitive@ts3.6" "@types/escape-html@ts3.6" "@types/escodegen@ts3.6" "@types/eslint@ts3.6" "@types/eslint-scope@ts3.6" "@types/eslint-utils@ts3.6" "@types/esprima@ts3.6" "@types/esquery@ts3.6" "@types/estraverse@ts3.6" "@types/esutils@ts3.6" "@types/etag@ts3.6" "@types/events@ts3.6" "@types/eventsource@ts3.6" "@types/exit@ts3.6" "@types/fast-levenshtein@ts3.6" "@types/fb-watchman@ts3.6" "@types/file-entry-cache@ts3.6" "@types/file-loader@ts3.6" "@types/fill-range@ts3.6" "@types/finalhandler@ts3.6" "@types/find-cache-dir@ts3.6" "@types/flat-cache@ts3.6" "@types/flush-write-stream@ts3.6" "@types/follow-redirects@ts3.6" "@types/forwarded@ts3.6" "@types/fresh@ts3.6" "@types/from2@ts3.6" "@types/fs-extra@ts3.6" "@types/fs-minipass@ts3.6" "@types/function-bind@ts3.6" "@types/functional-red-black-tree@ts3.6" "@types/gensync@ts3.6" "@types/get-intrinsic@ts3.6" "@types/get-value@ts3.6" "@types/glob-parent@ts3.6" "@types/global-modules@ts3.6" "@types/global-prefix@ts3.6" "@types/globalthis@ts3.6" "@types/gopd@ts3.6" "@types/graceful-fs@ts3.6" "@types/has@ts3.6" "@types/has-bigints@ts3.6" "@types/has-symbols@ts3.6" "@types/has-values@ts3.6" "@types/he@ts3.6" "@types/hex-color-regex@ts3.6" "@types/hosted-git-info@ts3.6" "@types/html-encoding-sniffer@ts3.6" "@types/html-escaper@ts3.6" "@types/html-minifier-terser@ts3.6" "@types/http-errors@ts3.6" "@types/http-proxy@ts3.6" "@types/icss-utils@ts3.6" "@types/iferr@ts3.6" "@types/import-local@ts3.6" "@types/imurmurhash@ts3.6" "@types/inherits@ts3.6" "@types/ini@ts3.6" "@types/internal-slot@ts3.6" "@types/ip@ts3.6" "@types/is-arguments@ts3.6" "@types/is-bigint@ts3.6" "@types/is-boolean-object@ts3.6" "@types/is-buffer@ts3.6" "@types/is-callable@ts3.6" "@types/is-ci@ts3.6" "@types/is-core-module@ts3.6" "@types/is-data-descriptor@ts3.6" "@types/is-date-object@ts3.6" "@types/is-glob@ts3.6" "@types/is-map@ts3.6" "@types/is-number@ts3.6" "@types/is-regex@ts3.6" "@types/is-string@ts3.6" "@types/is-symbol@ts3.6" "@types/is-typedarray@ts3.6" "@types/is-windows@ts3.6" "@types/isarray@ts3.6" "@types/isexe@ts3.6" "@types/istanbul-lib-coverage@ts3.6" "@types/istanbul-lib-instrument@ts3.6" "@types/istanbul-lib-report@ts3.6" "@types/istanbul-lib-source-maps@ts3.6" "@types/istanbul-reports@ts3.6" "@types/js-yaml@ts3.6" "@types/jsdom@ts3.6" "@types/jsesc@ts3.6" "@types/json-parse-better-errors@ts3.6" "@types/json-stable-stringify-without-jsonify@ts3.6" "@types/jsonfile@ts3.6" "@types/kind-of@ts3.6" "@types/language-tags@ts3.6" "@types/loader-runner@ts3.6" "@types/loader-utils@ts3.6" "@types/lodash.debounce@ts3.6" "--save-dev" "--user-agent=typesInstaller/3.6.3"
420 verbose node v12.18.3
421 verbose npm  v6.14.6
422 error code ETARGET
423 error notarget No matching version found for @types/lint-staged@ts3.6.
424 error notarget In most cases you or one of your dependencies are requesting
424 error notarget a package version that doesn't exist.
425 verbose exit [ 1, true ]
