0 info it worked if it ends with ok
1 verbose cli [
1 verbose cli   '/usr/local/bin/node',
1 verbose cli   '/usr/local/bin/npm',
1 verbose cli   'install',
1 verbose cli   '--ignore-scripts',
1 verbose cli   '@types/testing-library__jest-dom@ts3.6',
1 verbose cli   '@types/react@ts3.6',
1 verbose cli   '@types/react-dom@ts3.6',
1 verbose cli   '@types/eslint-config-prettier@ts3.6',
1 verbose cli   '@types/eslint-plugin-prettier@ts3.6',
1 verbose cli   '@types/lint-staged@ts3.6',
1 verbose cli   '@types/prettier@ts3.6',
1 verbose cli   '@types/accepts@ts3.6',
1 verbose cli   '@types/argparse@ts3.6',
1 verbose cli   '@types/aria-query@ts3.6',
1 verbose cli   '@types/arr-diff@ts3.6',
1 verbose cli   '@types/arr-union@ts3.6',
1 verbose cli   '@types/array-unique@ts3.6',
1 verbose cli   '@types/array.prototype.flat@ts3.6',
1 verbose cli   '@types/array.prototype.flatmap@ts3.6',
1 verbose cli   '@types/asap@ts3.6',
1 verbose cli   '@types/assert@ts3.6',
1 verbose cli   '@types/async@ts3.6',
1 verbose cli   '@types/atob@ts3.6',
1 verbose cli   '@types/babel-plugin-macros@ts3.6',
1 verbose cli   '@types/babylon@ts3.6',
1 verbose cli   '@types/balanced-match@ts3.6',
1 verbose cli   '@types/big.js@ts3.6',
1 verbose cli   '@types/bluebird@ts3.6',
1 verbose cli   '@types/bn.js@ts3.6',
1 verbose cli   '@types/body-parser@ts3.6',
1 verbose cli   '@types/bonjour@ts3.6',
1 verbose cli   '@types/boolbase@ts3.6',
1 verbose cli   '@types/brace-expansion@ts3.6',
1 verbose cli   '@types/braces@ts3.6',
1 verbose cli   '@types/brorand@ts3.6',
1 verbose cli   '@types/bser@ts3.6',
1 verbose cli   '@types/buffer-from@ts3.6',
1 verbose cli   '@types/buffer-xor@ts3.6',
1 verbose cli   '@types/bytes@ts3.6',
1 verbose cli   '@types/cacache@ts3.6',
1 verbose cli   '@types/call-bind@ts3.6',
1 verbose cli   '@types/caniuse-api@ts3.6',
1 verbose cli   '@types/caniuse-lite@ts3.6',
1 verbose cli   '@types/case-sensitive-paths-webpack-plugin@ts3.6',
1 verbose cli   '@types/check-types@ts3.6',
1 verbose cli   '@types/chownr@ts3.6',
1 verbose cli   '@types/cipher-base@ts3.6',
1 verbose cli   '@types/clean-css@ts3.6',
1 verbose cli   '@types/co@ts3.6',
1 verbose cli   '@types/color@ts3.6',
1 verbose cli   '@types/color-convert@ts3.6',
1 verbose cli   '@types/color-name@ts3.6',
1 verbose cli   '@types/color-string@ts3.6',
1 verbose cli   '@types/combined-stream@ts3.6',
1 verbose cli   '@types/common-tags@ts3.6',
1 verbose cli   '@types/commondir@ts3.6',
1 verbose cli   '@types/component-emitter@ts3.6',
1 verbose cli   '@types/compose-function@ts3.6',
1 verbose cli   '@types/compressible@ts3.6',
1 verbose cli   '@types/compression@ts3.6',
1 verbose cli   '@types/concat-map@ts3.6',
1 verbose cli   '@types/concat-stream@ts3.6',
1 verbose cli   '@types/confusing-browser-globals@ts3.6',
1 verbose cli   '@types/connect-history-api-fallback@ts3.6',
1 verbose cli   '@types/content-disposition@ts3.6',
1 verbose cli   '@types/content-type@ts3.6',
1 verbose cli   '@types/convert-source-map@ts3.6',
1 verbose cli   '@types/cookie@ts3.6',
1 verbose cli   '@types/cookie-signature@ts3.6',
1 verbose cli   '@types/core-js@ts3.6',
1 verbose cli   '@types/create-hash@ts3.6',
1 verbose cli   '@types/create-hmac@ts3.6',
1 verbose cli   '@types/cross-spawn@ts3.6',
1 verbose cli   '@types/css@ts3.6',
1 verbose cli   '@types/css-declaration-sorter@ts3.6',
1 verbose cli   '@types/css-tree@ts3.6',
1 verbose cli   '@types/css.escape@ts3.6',
1 verbose cli   '@types/cssesc@ts3.6',
1 verbose cli   '@types/csso@ts3.6',
1 verbose cli   '@types/cssom@ts3.6',
1 verbose cli   '@types/cssstyle@ts3.6',
1 verbose cli   '@types/d@ts3.6',
1 verbose cli   '@types/damerau-levenshtein@ts3.6',
1 verbose cli   '@types/data-urls@ts3.6',
1 verbose cli   '@types/debug@ts3.6',
1 verbose cli   '@types/decode-uri-component@ts3.6',
1 verbose cli   '@types/dedent@ts3.6',
1 verbose cli   '@types/deep-equal@ts3.6',
1 verbose cli   '@types/default-gateway@ts3.6',
1 verbose cli   '@types/define-properties@ts3.6',
1 verbose cli   '@types/depd@ts3.6',
1 verbose cli   '@types/destroy@ts3.6',
1 verbose cli   '@types/detect-node@ts3.6',
1 verbose cli   '@types/diffie-hellman@ts3.6',
1 verbose cli   '@types/dir-glob@ts3.6',
1 verbose cli   '@types/dns-packet@ts3.6',
1 verbose cli   '@types/dns-txt@ts3.6',
1 verbose cli   '@types/doctrine@ts3.6',
1 verbose cli   '@types/domexception@ts3.6',
1 verbose cli   '@types/domutils@ts3.6',
1 verbose cli   ... 105 more items
1 verbose cli ]
2 info using npm@6.14.6
3 info using node@v12.18.3
4 verbose npm-session c6aec79f94886a3e
5 silly install loadCurrentTree
6 silly install readLocalPackageData
7 http fetch GET 304 https://registry.npmjs.org/@types%2feslint-config-prettier 571ms (from cache)
8 http fetch GET 304 https://registry.npmjs.org/@types%2freact-dom 579ms (from cache)
9 silly pacote tag manifest for @types/eslint-config-prettier@ts3.6 fetched in 589ms
10 http fetch GET 304 https://registry.npmjs.org/@types%2faria-query 578ms (from cache)
11 silly pacote tag manifest for @types/react-dom@ts3.6 fetched in 593ms
12 http fetch GET 304 https://registry.npmjs.org/@types%2faccepts 589ms (from cache)
13 http fetch GET 304 https://registry.npmjs.org/@types%2flint-staged 599ms (from cache)
14 silly registry:manifest no matching version for @types/lint-staged@ts3.6 in the cache. Forcing revalidation.
15 http fetch GET 304 https://registry.npmjs.org/@types%2ftesting-library__jest-dom 609ms (from cache)
16 silly pacote tag manifest for @types/aria-query@ts3.6 fetched in 593ms
17 http fetch GET 304 https://registry.npmjs.org/@types%2fprettier 607ms (from cache)
18 http fetch GET 304 https://registry.npmjs.org/@types%2freact 625ms (from cache)
19 silly pacote tag manifest for @types/accepts@ts3.6 fetched in 625ms
20 silly pacote tag manifest for @types/testing-library__jest-dom@ts3.6 fetched in 654ms
21 silly pacote tag manifest for @types/prettier@ts3.6 fetched in 637ms
22 http fetch GET 304 https://registry.npmjs.org/@types%2feslint-plugin-prettier 645ms (from cache)
23 silly pacote tag manifest for @types/react@ts3.6 fetched in 654ms
24 silly pacote tag manifest for @types/eslint-plugin-prettier@ts3.6 fetched in 664ms
25 http fetch GET 304 https://registry.npmjs.org/@types%2fargparse 673ms (from cache)
26 silly pacote tag manifest for @types/argparse@ts3.6 fetched in 677ms
27 http fetch GET 304 https://registry.npmjs.org/@types%2farr-diff 128ms (from cache)
28 silly pacote tag manifest for @types/arr-diff@ts3.6 fetched in 130ms
29 http fetch GET 304 https://registry.npmjs.org/@types%2farray-unique 149ms (from cache)
30 http fetch GET 304 https://registry.npmjs.org/@types%2farray.prototype.flat 120ms (from cache)
31 silly pacote tag manifest for @types/array-unique@ts3.6 fetched in 151ms
32 silly pacote tag manifest for @types/array.prototype.flat@ts3.6 fetched in 127ms
33 http fetch GET 304 https://registry.npmjs.org/@types%2fatob 114ms (from cache)
34 silly pacote tag manifest for @types/atob@ts3.6 fetched in 133ms
35 http fetch GET 304 https://registry.npmjs.org/@types%2fbabel-plugin-macros 147ms (from cache)
36 http fetch GET 304 https://registry.npmjs.org/@types%2fbalanced-match 111ms (from cache)
37 http fetch GET 304 https://registry.npmjs.org/@types%2fbabylon 116ms (from cache)
38 silly pacote tag manifest for @types/babel-plugin-macros@ts3.6 fetched in 152ms
39 silly pacote tag manifest for @types/balanced-match@ts3.6 fetched in 117ms
40 silly pacote tag manifest for @types/babylon@ts3.6 fetched in 122ms
41 http fetch GET 304 https://registry.npmjs.org/@types%2fbig.js 113ms (from cache)
42 silly pacote tag manifest for @types/big.js@ts3.6 fetched in 117ms
43 http fetch GET 304 https://registry.npmjs.org/@types%2fbody-parser 93ms (from cache)
44 http fetch GET 304 https://registry.npmjs.org/@types%2fbluebird 101ms (from cache)
45 silly pacote tag manifest for @types/body-parser@ts3.6 fetched in 99ms
46 silly pacote tag manifest for @types/bluebird@ts3.6 fetched in 105ms
47 http fetch GET 304 https://registry.npmjs.org/@types%2fbonjour 84ms (from cache)
48 silly pacote tag manifest for @types/bonjour@ts3.6 fetched in 87ms
49 http fetch GET 304 https://registry.npmjs.org/@types%2fbn.js 171ms (from cache)
50 silly pacote tag manifest for @types/bn.js@ts3.6 fetched in 177ms
51 http fetch GET 304 https://registry.npmjs.org/@types%2fbrace-expansion 81ms (from cache)
52 silly pacote tag manifest for @types/brace-expansion@ts3.6 fetched in 84ms
53 http fetch GET 304 https://registry.npmjs.org/@types%2fbraces 104ms (from cache)
54 silly pacote tag manifest for @types/braces@ts3.6 fetched in 116ms
55 http fetch GET 304 https://registry.npmjs.org/@types%2fboolbase 184ms (from cache)
56 silly pacote tag manifest for @types/boolbase@ts3.6 fetched in 187ms
57 http fetch GET 304 https://registry.npmjs.org/@types%2fbser 102ms (from cache)
58 silly pacote tag manifest for @types/bser@ts3.6 fetched in 109ms
59 http fetch GET 304 https://registry.npmjs.org/@types%2fbuffer-from 83ms (from cache)
60 silly pacote tag manifest for @types/buffer-from@ts3.6 fetched in 85ms
61 http fetch GET 304 https://registry.npmjs.org/@types%2fbuffer-xor 85ms (from cache)
62 silly pacote tag manifest for @types/buffer-xor@ts3.6 fetched in 88ms
63 http fetch GET 304 https://registry.npmjs.org/@types%2fbytes 98ms (from cache)
64 silly pacote tag manifest for @types/bytes@ts3.6 fetched in 103ms
65 http fetch GET 200 https://registry.npmjs.org/@types%2fcall-bind 108ms
66 silly fetchPackageMetaData error for @types/call-bind@ts3.6 No matching version found for @types/call-bind@ts3.6.
67 http fetch GET 304 https://registry.npmjs.org/@types%2fcaniuse-lite 84ms (from cache)
68 silly pacote tag manifest for @types/caniuse-lite@ts3.6 fetched in 86ms
69 http fetch GET 304 https://registry.npmjs.org/@types%2farr-union 1876ms (from cache)
70 silly pacote tag manifest for @types/arr-union@ts3.6 fetched in 1886ms
71 http fetch GET 304 https://registry.npmjs.org/@types%2fasap 1858ms (from cache)
72 silly pacote tag manifest for @types/asap@ts3.6 fetched in 1862ms
73 http fetch GET 304 https://registry.npmjs.org/@types%2farray.prototype.flatmap 1873ms (from cache)
74 silly pacote tag manifest for @types/array.prototype.flatmap@ts3.6 fetched in 1893ms
75 http fetch GET 200 https://registry.npmjs.org/@types%2flint-staged 1936ms
76 silly fetchPackageMetaData error for @types/lint-staged@ts3.6 No matching version found for @types/lint-staged@ts3.6.
77 http fetch GET 200 https://registry.npmjs.org/@types%2fasync 1876ms
78 silly pacote tag manifest for @types/async@ts3.6 fetched in 1884ms
79 http fetch GET 304 https://registry.npmjs.org/@types%2fassert 1926ms (from cache)
80 http fetch GET 304 https://registry.npmjs.org/@types%2fcheck-types 99ms (from cache)
81 silly pacote tag manifest for @types/assert@ts3.6 fetched in 1929ms
82 silly pacote tag manifest for @types/check-types@ts3.6 fetched in 102ms
83 http fetch GET 304 https://registry.npmjs.org/@types%2fchownr 115ms (from cache)
84 http fetch GET 304 https://registry.npmjs.org/@types%2fcipher-base 94ms (from cache)
85 silly pacote tag manifest for @types/chownr@ts3.6 fetched in 122ms
86 silly pacote tag manifest for @types/cipher-base@ts3.6 fetched in 98ms
87 http fetch GET 304 https://registry.npmjs.org/@types%2fcolor-convert 87ms (from cache)
88 silly pacote tag manifest for @types/color-convert@ts3.6 fetched in 90ms
89 http fetch GET 304 https://registry.npmjs.org/@types%2fco 192ms (from cache)
90 http fetch GET 304 https://registry.npmjs.org/@types%2fcolor-name 115ms (from cache)
91 silly pacote tag manifest for @types/co@ts3.6 fetched in 197ms
92 silly pacote tag manifest for @types/color-name@ts3.6 fetched in 133ms
93 http fetch GET 304 https://registry.npmjs.org/@types%2fcombined-stream 112ms (from cache)
94 silly pacote tag manifest for @types/combined-stream@ts3.6 fetched in 115ms
95 http fetch GET 304 https://registry.npmjs.org/@types%2fclean-css 252ms (from cache)
96 silly pacote tag manifest for @types/clean-css@ts3.6 fetched in 258ms
97 http fetch GET 304 https://registry.npmjs.org/@types%2fcommon-tags 100ms (from cache)
98 silly pacote tag manifest for @types/common-tags@ts3.6 fetched in 103ms
99 http fetch GET 304 https://registry.npmjs.org/@types%2fbrorand 1817ms (from cache)
100 silly pacote tag manifest for @types/brorand@ts3.6 fetched in 1822ms
101 http fetch GET 304 https://registry.npmjs.org/@types%2fcomponent-emitter 113ms (from cache)
102 silly pacote tag manifest for @types/component-emitter@ts3.6 fetched in 116ms
103 http fetch GET 304 https://registry.npmjs.org/@types%2fcompressible 101ms (from cache)
104 silly pacote tag manifest for @types/compressible@ts3.6 fetched in 104ms
105 http fetch GET 304 https://registry.npmjs.org/@types%2fcompression 86ms (from cache)
106 silly pacote tag manifest for @types/compression@ts3.6 fetched in 102ms
107 http fetch GET 304 https://registry.npmjs.org/@types%2fcaniuse-api 1784ms (from cache)
108 silly pacote tag manifest for @types/caniuse-api@ts3.6 fetched in 1786ms
109 http fetch GET 304 https://registry.npmjs.org/@types%2fconfusing-browser-globals 107ms (from cache)
110 silly pacote tag manifest for @types/confusing-browser-globals@ts3.6 fetched in 112ms
111 http fetch GET 304 https://registry.npmjs.org/@types%2fconcat-stream 189ms (from cache)
112 silly pacote tag manifest for @types/concat-stream@ts3.6 fetched in 191ms
113 http fetch GET 304 https://registry.npmjs.org/@types%2fcacache 1939ms (from cache)
114 silly pacote tag manifest for @types/cacache@ts3.6 fetched in 1943ms
115 http fetch GET 304 https://registry.npmjs.org/@types%2fcontent-disposition 99ms (from cache)
116 silly pacote tag manifest for @types/content-disposition@ts3.6 fetched in 105ms
117 http fetch GET 304 https://registry.npmjs.org/@types%2fconnect-history-api-fallback 151ms (from cache)
118 silly pacote tag manifest for @types/connect-history-api-fallback@ts3.6 fetched in 155ms
119 http fetch GET 304 https://registry.npmjs.org/@types%2fcontent-type 96ms (from cache)
120 silly pacote tag manifest for @types/content-type@ts3.6 fetched in 98ms
121 http fetch GET 304 https://registry.npmjs.org/@types%2fconvert-source-map 113ms (from cache)
122 silly pacote tag manifest for @types/convert-source-map@ts3.6 fetched in 115ms
123 http fetch GET 304 https://registry.npmjs.org/@types%2fcase-sensitive-paths-webpack-plugin 1856ms (from cache)
124 silly pacote tag manifest for @types/case-sensitive-paths-webpack-plugin@ts3.6 fetched in 1864ms
125 http fetch GET 304 https://registry.npmjs.org/@types%2fcore-js 101ms (from cache)
126 silly pacote tag manifest for @types/core-js@ts3.6 fetched in 112ms
127 http fetch GET 304 https://registry.npmjs.org/@types%2fcookie-signature 152ms (from cache)
128 silly pacote tag manifest for @types/cookie-signature@ts3.6 fetched in 158ms
129 http fetch GET 304 https://registry.npmjs.org/@types%2fcookie 186ms (from cache)
130 silly pacote tag manifest for @types/cookie@ts3.6 fetched in 191ms
131 http fetch GET 304 https://registry.npmjs.org/@types%2fcreate-hmac 80ms (from cache)
132 silly pacote tag manifest for @types/create-hmac@ts3.6 fetched in 83ms
133 http fetch GET 304 https://registry.npmjs.org/@types%2fcss-tree 87ms (from cache)
134 silly pacote tag manifest for @types/css-tree@ts3.6 fetched in 95ms
135 http fetch GET 304 https://registry.npmjs.org/@types%2fcross-spawn 147ms (from cache)
136 silly pacote tag manifest for @types/cross-spawn@ts3.6 fetched in 151ms
137 http fetch GET 304 https://registry.npmjs.org/@types%2fcss.escape 184ms (from cache)
138 silly registry:manifest no matching version for @types/css.escape@ts3.6 in the cache. Forcing revalidation.
139 http fetch GET 200 https://registry.npmjs.org/@types%2fcss.escape 104ms
140 silly fetchPackageMetaData error for @types/css.escape@ts3.6 No matching version found for @types/css.escape@ts3.6.
141 http fetch GET 304 https://registry.npmjs.org/@types%2fcsso 108ms (from cache)
142 silly pacote tag manifest for @types/csso@ts3.6 fetched in 112ms
143 http fetch GET 304 https://registry.npmjs.org/@types%2fcssom 90ms (from cache)
144 silly pacote tag manifest for @types/cssom@ts3.6 fetched in 94ms
145 http fetch GET 304 https://registry.npmjs.org/@types%2fcompose-function 1213ms (from cache)
146 silly pacote tag manifest for @types/compose-function@ts3.6 fetched in 1219ms
147 http fetch GET 304 https://registry.npmjs.org/@types%2fcssstyle 123ms (from cache)
148 silly pacote tag manifest for @types/cssstyle@ts3.6 fetched in 129ms
149 http fetch GET 304 https://registry.npmjs.org/@types%2fd 102ms (from cache)
150 silly pacote tag manifest for @types/d@ts3.6 fetched in 107ms
151 http fetch GET 304 https://registry.npmjs.org/@types%2fdata-urls 97ms (from cache)
152 silly pacote tag manifest for @types/data-urls@ts3.6 fetched in 101ms
153 http fetch GET 304 https://registry.npmjs.org/@types%2fdebug 116ms (from cache)
154 silly pacote tag manifest for @types/debug@ts3.6 fetched in 120ms
155 http fetch GET 304 https://registry.npmjs.org/@types%2fdecode-uri-component 104ms (from cache)
156 silly pacote tag manifest for @types/decode-uri-component@ts3.6 fetched in 106ms
157 http fetch GET 304 https://registry.npmjs.org/@types%2fcolor-string 1857ms (from cache)
158 http fetch GET 304 https://registry.npmjs.org/@types%2fcolor 1914ms (from cache)
159 silly pacote tag manifest for @types/color-string@ts3.6 fetched in 1866ms
160 silly pacote tag manifest for @types/color@ts3.6 fetched in 1920ms
161 http fetch GET 304 https://registry.npmjs.org/@types%2fcreate-hash 1234ms (from cache)
162 silly pacote tag manifest for @types/create-hash@ts3.6 fetched in 1241ms
163 http fetch GET 304 https://registry.npmjs.org/@types%2fcommondir 1813ms (from cache)
164 silly pacote tag manifest for @types/commondir@ts3.6 fetched in 1816ms
165 http fetch GET 304 https://registry.npmjs.org/@types%2fdefine-properties 77ms (from cache)
166 silly pacote tag manifest for @types/define-properties@ts3.6 fetched in 83ms
167 http fetch GET 304 https://registry.npmjs.org/@types%2fdepd 126ms (from cache)
168 silly pacote tag manifest for @types/depd@ts3.6 fetched in 133ms
169 http fetch GET 304 https://registry.npmjs.org/@types%2fdestroy 416ms (from cache)
170 silly pacote tag manifest for @types/destroy@ts3.6 fetched in 418ms
171 http fetch GET 304 https://registry.npmjs.org/@types%2fconcat-map 2243ms (from cache)
172 silly pacote tag manifest for @types/concat-map@ts3.6 fetched in 2246ms
173 http fetch GET 304 https://registry.npmjs.org/@types%2fdiffie-hellman 155ms (from cache)
174 silly pacote tag manifest for @types/diffie-hellman@ts3.6 fetched in 160ms
175 http fetch GET 304 https://registry.npmjs.org/@types%2fcss-declaration-sorter 1863ms (from cache)
176 silly pacote tag manifest for @types/css-declaration-sorter@ts3.6 fetched in 1866ms
177 http fetch GET 304 https://registry.npmjs.org/@types%2fcss 1947ms (from cache)
178 silly pacote tag manifest for @types/css@ts3.6 fetched in 1956ms
179 http fetch GET 304 https://registry.npmjs.org/@types%2fcssesc 1857ms (from cache)
180 silly pacote tag manifest for @types/cssesc@ts3.6 fetched in 1861ms
181 http fetch GET 304 https://registry.npmjs.org/@types%2fdoctrine 153ms (from cache)
182 silly pacote tag manifest for @types/doctrine@ts3.6 fetched in 161ms
183 http fetch GET 304 https://registry.npmjs.org/@types%2fdomutils 189ms (from cache)
184 silly pacote tag manifest for @types/domutils@ts3.6 fetched in 193ms
185 http fetch GET 304 https://registry.npmjs.org/@types%2fduplexify 165ms (from cache)
186 silly pacote tag manifest for @types/duplexify@ts3.6 fetched in 168ms
187 http fetch GET 304 https://registry.npmjs.org/@types%2fee-first 74ms (from cache)
188 silly pacote tag manifest for @types/ee-first@ts3.6 fetched in 77ms
189 http fetch GET 304 https://registry.npmjs.org/@types%2fdamerau-levenshtein 2117ms (from cache)
190 silly pacote tag manifest for @types/damerau-levenshtein@ts3.6 fetched in 2120ms
191 http fetch GET 304 https://registry.npmjs.org/@types%2fdedent 1837ms (from cache)
192 silly pacote tag manifest for @types/dedent@ts3.6 fetched in 1840ms
193 http fetch GET 304 https://registry.npmjs.org/@types%2fdeep-equal 1822ms (from cache)
194 silly pacote tag manifest for @types/deep-equal@ts3.6 fetched in 1825ms
195 http fetch GET 304 https://registry.npmjs.org/@types%2felliptic 107ms (from cache)
196 silly pacote tag manifest for @types/elliptic@ts3.6 fetched in 110ms
197 http fetch GET 304 https://registry.npmjs.org/@types%2fdir-glob 1219ms (from cache)
198 silly pacote tag manifest for @types/dir-glob@ts3.6 fetched in 1232ms
199 http fetch GET 304 https://registry.npmjs.org/@types%2fencodeurl 98ms (from cache)
200 http fetch GET 304 https://registry.npmjs.org/@types%2fdefault-gateway 1900ms (from cache)
201 silly pacote tag manifest for @types/encodeurl@ts3.6 fetched in 100ms
202 silly pacote tag manifest for @types/default-gateway@ts3.6 fetched in 1902ms
203 http fetch GET 304 https://registry.npmjs.org/@types%2fes-abstract 89ms (from cache)
204 silly pacote tag manifest for @types/es-abstract@ts3.6 fetched in 95ms
205 http fetch GET 304 https://registry.npmjs.org/@types%2fescape-html 156ms (from cache)
206 http fetch GET 304 https://registry.npmjs.org/@types%2fescodegen 126ms (from cache)
207 silly pacote tag manifest for @types/escape-html@ts3.6 fetched in 169ms
208 silly pacote tag manifest for @types/escodegen@ts3.6 fetched in 132ms
209 http fetch GET 304 https://registry.npmjs.org/@types%2fdetect-node 1904ms (from cache)
210 silly pacote tag manifest for @types/detect-node@ts3.6 fetched in 1909ms
211 http fetch GET 304 https://registry.npmjs.org/@types%2feslint-utils 99ms (from cache)
212 silly pacote tag manifest for @types/eslint-utils@ts3.6 fetched in 114ms
213 http fetch GET 304 https://registry.npmjs.org/@types%2feslint 198ms (from cache)
214 silly pacote tag manifest for @types/eslint@ts3.6 fetched in 203ms
215 http fetch GET 304 https://registry.npmjs.org/@types%2fesprima 129ms (from cache)
216 http fetch GET 304 https://registry.npmjs.org/@types%2fesquery 90ms (from cache)
217 silly pacote tag manifest for @types/esprima@ts3.6 fetched in 133ms
218 silly pacote tag manifest for @types/esquery@ts3.6 fetched in 95ms
219 http fetch GET 304 https://registry.npmjs.org/@types%2festraverse 115ms (from cache)
220 http fetch GET 304 https://registry.npmjs.org/@types%2fesutils 114ms (from cache)
221 silly pacote tag manifest for @types/estraverse@ts3.6 fetched in 118ms
222 silly pacote tag manifest for @types/esutils@ts3.6 fetched in 118ms
223 http fetch GET 304 https://registry.npmjs.org/@types%2fdns-packet 1875ms (from cache)
224 silly pacote tag manifest for @types/dns-packet@ts3.6 fetched in 1878ms
225 http fetch GET 304 https://registry.npmjs.org/@types%2fetag 109ms (from cache)
226 http fetch GET 304 https://registry.npmjs.org/@types%2fevents 109ms (from cache)
227 silly pacote tag manifest for @types/etag@ts3.6 fetched in 114ms
228 silly pacote tag manifest for @types/events@ts3.6 fetched in 122ms
229 http fetch GET 304 https://registry.npmjs.org/@types%2fdns-txt 1888ms (from cache)
230 silly registry:manifest no matching version for @types/dns-txt@ts3.6 in the cache. Forcing revalidation.
231 http fetch GET 304 https://registry.npmjs.org/@types%2feslint-scope 569ms (from cache)
232 silly pacote tag manifest for @types/eslint-scope@ts3.6 fetched in 574ms
233 http fetch GET 304 https://registry.npmjs.org/@types%2feventsource 97ms (from cache)
234 silly pacote tag manifest for @types/eventsource@ts3.6 fetched in 101ms
235 http fetch GET 304 https://registry.npmjs.org/@types%2fexit 86ms (from cache)
236 silly pacote tag manifest for @types/exit@ts3.6 fetched in 97ms
237 http fetch GET 304 https://registry.npmjs.org/@types%2fdomexception 1836ms (from cache)
238 silly pacote tag manifest for @types/domexception@ts3.6 fetched in 1842ms
239 http fetch GET 304 https://registry.npmjs.org/@types%2ffast-levenshtein 120ms (from cache)
240 silly pacote tag manifest for @types/fast-levenshtein@ts3.6 fetched in 123ms
241 http fetch GET 200 https://registry.npmjs.org/@types%2fdns-txt 159ms
242 silly fetchPackageMetaData error for @types/dns-txt@ts3.6 No matching version found for @types/dns-txt@ts3.6.
243 http fetch GET 304 https://registry.npmjs.org/@types%2ffile-loader 139ms (from cache)
244 silly pacote tag manifest for @types/file-loader@ts3.6 fetched in 144ms
245 http fetch GET 304 https://registry.npmjs.org/@types%2ffill-range 197ms (from cache)
246 silly registry:manifest no matching version for @types/fill-range@ts3.6 in the cache. Forcing revalidation.
247 http fetch GET 304 https://registry.npmjs.org/@types%2ffinalhandler 175ms (from cache)
248 http fetch GET 304 https://registry.npmjs.org/@types%2ffind-cache-dir 111ms (from cache)
249 silly pacote tag manifest for @types/finalhandler@ts3.6 fetched in 185ms
250 silly pacote tag manifest for @types/find-cache-dir@ts3.6 fetched in 121ms
251 http fetch GET 304 https://registry.npmjs.org/@types%2ffollow-redirects 103ms (from cache)
252 silly pacote tag manifest for @types/follow-redirects@ts3.6 fetched in 115ms
253 http fetch GET 200 https://registry.npmjs.org/@types%2ffill-range 180ms
254 silly fetchPackageMetaData error for @types/fill-range@ts3.6 No matching version found for @types/fill-range@ts3.6.
255 http fetch GET 304 https://registry.npmjs.org/@types%2fflush-write-stream 201ms (from cache)
256 silly pacote tag manifest for @types/flush-write-stream@ts3.6 fetched in 226ms
257 http fetch GET 304 https://registry.npmjs.org/@types%2ffresh 181ms (from cache)
258 silly pacote tag manifest for @types/fresh@ts3.6 fetched in 186ms
259 http fetch GET 304 https://registry.npmjs.org/@types%2ffrom2 215ms (from cache)
260 silly pacote tag manifest for @types/from2@ts3.6 fetched in 230ms
261 http fetch GET 304 https://registry.npmjs.org/@types%2fejs 1981ms (from cache)
262 silly pacote tag manifest for @types/ejs@ts3.6 fetched in 1986ms
263 http fetch GET 304 https://registry.npmjs.org/@types%2ffs-minipass 175ms (from cache)
264 silly registry:manifest no matching version for @types/fs-minipass@ts3.6 in the cache. Forcing revalidation.
265 http fetch GET 304 https://registry.npmjs.org/@types%2ffunction-bind 153ms (from cache)
266 silly pacote tag manifest for @types/function-bind@ts3.6 fetched in 168ms
267 http fetch GET 304 https://registry.npmjs.org/@types%2fend-of-stream 1811ms (from cache)
268 silly pacote tag manifest for @types/end-of-stream@ts3.6 fetched in 1826ms
269 http fetch GET 200 https://registry.npmjs.org/@types%2ffs-minipass 122ms
270 silly fetchPackageMetaData error for @types/fs-minipass@ts3.6 No matching version found for @types/fs-minipass@ts3.6.
271 http fetch GET 304 https://registry.npmjs.org/@types%2ffunctional-red-black-tree 164ms (from cache)
272 silly pacote tag manifest for @types/functional-red-black-tree@ts3.6 fetched in 170ms
273 http fetch GET 304 https://registry.npmjs.org/@types%2fgensync 181ms (from cache)
274 silly registry:manifest no matching version for @types/gensync@ts3.6 in the cache. Forcing revalidation.
275 http fetch GET 304 https://registry.npmjs.org/@types%2fes-get-iterator 1979ms (from cache)
276 silly pacote tag manifest for @types/es-get-iterator@ts3.6 fetched in 2039ms
277 http fetch GET 304 https://registry.npmjs.org/@types%2fes-to-primitive 2043ms (from cache)
278 silly pacote tag manifest for @types/es-to-primitive@ts3.6 fetched in 2062ms
279 http fetch GET 304 https://registry.npmjs.org/@types%2fget-intrinsic 284ms (from cache)
280 silly registry:manifest no matching version for @types/get-intrinsic@ts3.6 in the cache. Forcing revalidation.
281 http fetch GET 304 https://registry.npmjs.org/@types%2fget-value 220ms (from cache)
282 silly pacote tag manifest for @types/get-value@ts3.6 fetched in 249ms
283 http fetch GET 304 https://registry.npmjs.org/@types%2fforwarded 1003ms (from cache)
284 silly pacote tag manifest for @types/forwarded@ts3.6 fetched in 1018ms
285 http fetch GET 304 https://registry.npmjs.org/@types%2fglob-parent 142ms (from cache)
286 silly pacote tag manifest for @types/glob-parent@ts3.6 fetched in 147ms
287 http fetch GET 200 https://registry.npmjs.org/@types%2fget-intrinsic 131ms
288 silly fetchPackageMetaData error for @types/get-intrinsic@ts3.6 No matching version found for @types/get-intrinsic@ts3.6.
289 http fetch GET 304 https://registry.npmjs.org/@types%2fglobalthis 103ms (from cache)
290 silly pacote tag manifest for @types/globalthis@ts3.6 fetched in 116ms
291 http fetch GET 200 https://registry.npmjs.org/@types%2fgopd 115ms
292 silly fetchPackageMetaData error for @types/gopd@ts3.6 No matching version found for @types/gopd@ts3.6.
293 http fetch GET 304 https://registry.npmjs.org/@types%2fgraceful-fs 110ms (from cache)
294 silly pacote tag manifest for @types/graceful-fs@ts3.6 fetched in 114ms
295 http fetch GET 304 https://registry.npmjs.org/@types%2fhas-bigints 184ms (from cache)
296 silly registry:manifest no matching version for @types/has-bigints@ts3.6 in the cache. Forcing revalidation.
297 http fetch GET 304 https://registry.npmjs.org/@types%2fhas 216ms (from cache)
298 http fetch GET 304 https://registry.npmjs.org/@types%2fhas-symbols 162ms (from cache)
299 silly pacote tag manifest for @types/has@ts3.6 fetched in 224ms
300 silly pacote tag manifest for @types/has-symbols@ts3.6 fetched in 170ms
301 http fetch GET 304 https://registry.npmjs.org/@types%2fhas-values 109ms (from cache)
302 silly registry:manifest no matching version for @types/has-values@ts3.6 in the cache. Forcing revalidation.
303 http fetch GET 304 https://registry.npmjs.org/@types%2fhe 109ms (from cache)
304 http fetch GET 304 https://registry.npmjs.org/@types%2ffb-watchman 1862ms (from cache)
305 http fetch GET 304 https://registry.npmjs.org/@types%2ffile-entry-cache 1852ms (from cache)
306 silly pacote tag manifest for @types/fb-watchman@ts3.6 fetched in 1874ms
307 silly pacote tag manifest for @types/he@ts3.6 fetched in 122ms
308 silly pacote tag manifest for @types/file-entry-cache@ts3.6 fetched in 1859ms
309 http fetch GET 200 https://registry.npmjs.org/@types%2fhas-values 123ms
310 silly fetchPackageMetaData error for @types/has-values@ts3.6 No matching version found for @types/has-values@ts3.6.
311 http fetch GET 304 https://registry.npmjs.org/@types%2fhosted-git-info 117ms (from cache)
312 silly pacote tag manifest for @types/hosted-git-info@ts3.6 fetched in 130ms
313 http fetch GET 304 https://registry.npmjs.org/@types%2fhex-color-regex 143ms (from cache)
314 silly pacote tag manifest for @types/hex-color-regex@ts3.6 fetched in 148ms
315 http fetch GET 304 https://registry.npmjs.org/@types%2fhtml-encoding-sniffer 171ms (from cache)
316 silly pacote tag manifest for @types/html-encoding-sniffer@ts3.6 fetched in 173ms
317 http fetch GET 304 https://registry.npmjs.org/@types%2fhtml-escaper 112ms (from cache)
318 silly pacote tag manifest for @types/html-escaper@ts3.6 fetched in 134ms
319 http fetch GET 304 https://registry.npmjs.org/@types%2fflat-cache 1962ms (from cache)
320 http fetch GET 304 https://registry.npmjs.org/@types%2fhtml-minifier-terser 150ms (from cache)
321 silly pacote tag manifest for @types/flat-cache@ts3.6 fetched in 1966ms
322 silly pacote tag manifest for @types/html-minifier-terser@ts3.6 fetched in 155ms
323 http fetch GET 304 https://registry.npmjs.org/@types%2fhttp-proxy 113ms (from cache)
324 http fetch GET 304 https://registry.npmjs.org/@types%2fhttp-errors 144ms (from cache)
325 silly pacote tag manifest for @types/http-proxy@ts3.6 fetched in 127ms
326 silly pacote tag manifest for @types/http-errors@ts3.6 fetched in 164ms
327 http fetch GET 304 https://registry.npmjs.org/@types%2ficss-utils 109ms (from cache)
328 silly pacote tag manifest for @types/icss-utils@ts3.6 fetched in 113ms
329 http fetch GET 304 https://registry.npmjs.org/@types%2fiferr 101ms (from cache)
330 silly pacote tag manifest for @types/iferr@ts3.6 fetched in 107ms
331 http fetch GET 304 https://registry.npmjs.org/@types%2fimport-local 141ms (from cache)
332 silly registry:manifest no matching version for @types/import-local@ts3.6 in the cache. Forcing revalidation.
333 http fetch GET 304 https://registry.npmjs.org/@types%2finherits 130ms (from cache)
334 http fetch GET 304 https://registry.npmjs.org/@types%2fimurmurhash 141ms (from cache)
335 silly pacote tag manifest for @types/inherits@ts3.6 fetched in 138ms
336 silly pacote tag manifest for @types/imurmurhash@ts3.6 fetched in 151ms
337 http fetch GET 200 https://registry.npmjs.org/@types%2fimport-local 105ms
338 silly fetchPackageMetaData error for @types/import-local@ts3.6 No matching version found for @types/import-local@ts3.6.
339 http fetch GET 304 https://registry.npmjs.org/@types%2fip 84ms (from cache)
340 silly pacote tag manifest for @types/ip@ts3.6 fetched in 94ms
341 http fetch GET 304 https://registry.npmjs.org/@types%2ffs-extra 1841ms (from cache)
342 silly pacote tag manifest for @types/fs-extra@ts3.6 fetched in 1847ms
343 http fetch GET 304 https://registry.npmjs.org/@types%2fis-boolean-object 84ms (from cache)
344 silly registry:manifest no matching version for @types/is-boolean-object@ts3.6 in the cache. Forcing revalidation.
345 http fetch GET 304 https://registry.npmjs.org/@types%2fis-buffer 86ms (from cache)
346 silly pacote tag manifest for @types/is-buffer@ts3.6 fetched in 88ms
347 http fetch GET 200 https://registry.npmjs.org/@types%2fis-boolean-object 84ms
348 silly fetchPackageMetaData error for @types/is-boolean-object@ts3.6 No matching version found for @types/is-boolean-object@ts3.6.
349 http fetch GET 304 https://registry.npmjs.org/@types%2fis-ci 87ms (from cache)
350 silly pacote tag manifest for @types/is-ci@ts3.6 fetched in 92ms
351 http fetch GET 304 https://registry.npmjs.org/@types%2fis-core-module 87ms (from cache)
352 silly pacote tag manifest for @types/is-core-module@ts3.6 fetched in 90ms
353 http fetch GET 304 https://registry.npmjs.org/@types%2fis-data-descriptor 82ms (from cache)
354 silly registry:manifest no matching version for @types/is-data-descriptor@ts3.6 in the cache. Forcing revalidation.
355 http fetch GET 200 https://registry.npmjs.org/@types%2fis-data-descriptor 81ms
356 silly fetchPackageMetaData error for @types/is-data-descriptor@ts3.6 No matching version found for @types/is-data-descriptor@ts3.6.
357 http fetch GET 200 https://registry.npmjs.org/@types%2fgensync 1954ms
358 silly fetchPackageMetaData error for @types/gensync@ts3.6 No matching version found for @types/gensync@ts3.6.
359 http fetch GET 304 https://registry.npmjs.org/@types%2fglobal-modules 1876ms (from cache)
360 silly pacote tag manifest for @types/global-modules@ts3.6 fetched in 1882ms
361 http fetch GET 304 https://registry.npmjs.org/@types%2fglobal-prefix 1844ms (from cache)
362 silly pacote tag manifest for @types/global-prefix@ts3.6 fetched in 1850ms
363 http fetch GET 304 https://registry.npmjs.org/@types%2fis-glob 95ms (from cache)
364 silly pacote tag manifest for @types/is-glob@ts3.6 fetched in 99ms
365 http fetch GET 304 https://registry.npmjs.org/@types%2fis-number 102ms (from cache)
366 silly pacote tag manifest for @types/is-number@ts3.6 fetched in 106ms
367 http fetch GET 304 https://registry.npmjs.org/@types%2fis-string 78ms (from cache)
368 silly registry:manifest no matching version for @types/is-string@ts3.6 in the cache. Forcing revalidation.
369 http fetch GET 200 https://registry.npmjs.org/@types%2fis-string 85ms
370 silly fetchPackageMetaData error for @types/is-string@ts3.6 No matching version found for @types/is-string@ts3.6.
371 http fetch GET 200 https://registry.npmjs.org/@types%2fhas-bigints 1809ms
372 silly fetchPackageMetaData error for @types/has-bigints@ts3.6 No matching version found for @types/has-bigints@ts3.6.
373 http fetch GET 304 https://registry.npmjs.org/@types%2fis-bigint 1252ms (from cache)
374 silly registry:manifest no matching version for @types/is-bigint@ts3.6 in the cache. Forcing revalidation.
375 http fetch GET 304 https://registry.npmjs.org/@types%2fis-typedarray 114ms (from cache)
376 silly pacote tag manifest for @types/is-typedarray@ts3.6 fetched in 123ms
377 http fetch GET 200 https://registry.npmjs.org/@types%2fis-bigint 88ms
378 silly fetchPackageMetaData error for @types/is-bigint@ts3.6 No matching version found for @types/is-bigint@ts3.6.
379 http fetch GET 304 https://registry.npmjs.org/@types%2fis-windows 93ms (from cache)
380 silly pacote tag manifest for @types/is-windows@ts3.6 fetched in 96ms
381 http fetch GET 304 https://registry.npmjs.org/@types%2fisarray 84ms (from cache)
382 silly pacote tag manifest for @types/isarray@ts3.6 fetched in 86ms
383 http fetch GET 304 https://registry.npmjs.org/@types%2fisexe 106ms (from cache)
384 silly pacote tag manifest for @types/isexe@ts3.6 fetched in 110ms
385 http fetch GET 304 https://registry.npmjs.org/@types%2fistanbul-lib-coverage 89ms (from cache)
386 silly pacote tag manifest for @types/istanbul-lib-coverage@ts3.6 fetched in 91ms
387 http fetch GET 304 https://registry.npmjs.org/@types%2fistanbul-lib-instrument 87ms (from cache)
388 silly pacote tag manifest for @types/istanbul-lib-instrument@ts3.6 fetched in 91ms
389 http fetch GET 304 https://registry.npmjs.org/@types%2fistanbul-lib-report 73ms (from cache)
390 silly pacote tag manifest for @types/istanbul-lib-report@ts3.6 fetched in 82ms
391 http fetch GET 304 https://registry.npmjs.org/@types%2finternal-slot 1795ms (from cache)
392 silly pacote tag manifest for @types/internal-slot@ts3.6 fetched in 1799ms
393 http fetch GET 304 https://registry.npmjs.org/@types%2fistanbul-reports 116ms (from cache)
394 silly pacote tag manifest for @types/istanbul-reports@ts3.6 fetched in 122ms
395 http fetch GET 304 https://registry.npmjs.org/@types%2fjs-yaml 101ms (from cache)
396 silly pacote tag manifest for @types/js-yaml@ts3.6 fetched in 104ms
397 http fetch GET 304 https://registry.npmjs.org/@types%2fini 1978ms (from cache)
398 silly pacote tag manifest for @types/ini@ts3.6 fetched in 1986ms
399 http fetch GET 304 https://registry.npmjs.org/@types%2fis-arguments 1899ms (from cache)
400 silly pacote tag manifest for @types/is-arguments@ts3.6 fetched in 1913ms
401 http fetch GET 304 https://registry.npmjs.org/@types%2fjsdom 125ms (from cache)
402 silly pacote tag manifest for @types/jsdom@ts3.6 fetched in 129ms
403 http fetch GET 304 https://registry.npmjs.org/@types%2fjsesc 133ms (from cache)
404 silly pacote tag manifest for @types/jsesc@ts3.6 fetched in 136ms
405 http fetch GET 304 https://registry.npmjs.org/@types%2fjson-parse-better-errors 118ms (from cache)
406 silly pacote tag manifest for @types/json-parse-better-errors@ts3.6 fetched in 126ms
407 http fetch GET 304 https://registry.npmjs.org/@types%2fjsonfile 165ms (from cache)
408 silly pacote tag manifest for @types/jsonfile@ts3.6 fetched in 169ms
409 http fetch GET 200 https://registry.npmjs.org/@types%2flanguage-tags 90ms
410 silly fetchPackageMetaData error for @types/language-tags@ts3.6 No matching version found for @types/language-tags@ts3.6.
411 http fetch GET 304 https://registry.npmjs.org/@types%2fis-callable 1874ms (from cache)
412 silly pacote tag manifest for @types/is-callable@ts3.6 fetched in 1883ms
413 http fetch GET 304 https://registry.npmjs.org/@types%2fkind-of 158ms (from cache)
414 silly pacote tag manifest for @types/kind-of@ts3.6 fetched in 160ms
415 http fetch GET 304 https://registry.npmjs.org/@types%2floader-runner 86ms (from cache)
416 silly pacote tag manifest for @types/loader-runner@ts3.6 fetched in 89ms
417 http fetch GET 304 https://registry.npmjs.org/@types%2floader-utils 104ms (from cache)
418 silly pacote tag manifest for @types/loader-utils@ts3.6 fetched in 108ms
419 http fetch GET 304 https://registry.npmjs.org/@types%2fis-date-object 1871ms (from cache)
420 silly pacote tag manifest for @types/is-date-object@ts3.6 fetched in 1875ms
421 http fetch GET 200 https://registry.npmjs.org/@types%2fis-map 1874ms
422 silly fetchPackageMetaData error for @types/is-map@ts3.6 No matching version found for @types/is-map@ts3.6.
423 http fetch GET 304 https://registry.npmjs.org/@types%2fis-regex 1868ms (from cache)
424 silly pacote tag manifest for @types/is-regex@ts3.6 fetched in 1875ms
425 http fetch GET 304 https://registry.npmjs.org/@types%2fistanbul-lib-source-maps 1192ms (from cache)
426 silly pacote tag manifest for @types/istanbul-lib-source-maps@ts3.6 fetched in 1198ms
427 http fetch GET 304 https://registry.npmjs.org/@types%2fis-symbol 1844ms (from cache)
428 silly registry:manifest no matching version for @types/is-symbol@ts3.6 in the cache. Forcing revalidation.
429 http fetch GET 200 https://registry.npmjs.org/@types%2fis-symbol 98ms
430 silly fetchPackageMetaData error for @types/is-symbol@ts3.6 No matching version found for @types/is-symbol@ts3.6.
431 http fetch GET 304 https://registry.npmjs.org/@types%2fjson-stable-stringify-without-jsonify 1966ms (from cache)
432 silly registry:manifest no matching version for @types/json-stable-stringify-without-jsonify@ts3.6 in the cache. Forcing revalidation.
433 http fetch GET 304 https://registry.npmjs.org/@types%2flodash.debounce 1834ms (from cache)
434 silly pacote tag manifest for @types/lodash.debounce@ts3.6 fetched in 1838ms
435 http fetch GET 200 https://registry.npmjs.org/@types%2fjson-stable-stringify-without-jsonify 106ms
436 silly fetchPackageMetaData error for @types/json-stable-stringify-without-jsonify@ts3.6 No matching version found for @types/json-stable-stringify-without-jsonify@ts3.6.
437 timing stage:rollbackFailedOptional Completed in 1ms
438 timing stage:runTopLevelLifecycles Completed in 13579ms
439 verbose type tag
440 verbose stack @types/call-bind: No matching version found for @types/call-bind@ts3.6.
440 verbose stack     at pickManifest (/usr/local/lib/node_modules/npm/node_modules/npm-pick-manifest/index.js:122:13)
440 verbose stack     at /usr/local/lib/node_modules/npm/node_modules/pacote/lib/fetchers/registry/manifest.js:24:14
440 verbose stack     at tryCatcher (/usr/local/lib/node_modules/npm/node_modules/bluebird/js/release/util.js:16:23)
440 verbose stack     at Promise._settlePromiseFromHandler (/usr/local/lib/node_modules/npm/node_modules/bluebird/js/release/promise.js:517:31)
440 verbose stack     at Promise._settlePromise (/usr/local/lib/node_modules/npm/node_modules/bluebird/js/release/promise.js:574:18)
440 verbose stack     at Promise._settlePromise0 (/usr/local/lib/node_modules/npm/node_modules/bluebird/js/release/promise.js:619:10)
440 verbose stack     at Promise._settlePromises (/usr/local/lib/node_modules/npm/node_modules/bluebird/js/release/promise.js:699:18)
440 verbose stack     at _drainQueueStep (/usr/local/lib/node_modules/npm/node_modules/bluebird/js/release/async.js:138:12)
440 verbose stack     at _drainQueue (/usr/local/lib/node_modules/npm/node_modules/bluebird/js/release/async.js:131:9)
440 verbose stack     at Async._drainQueues (/usr/local/lib/node_modules/npm/node_modules/bluebird/js/release/async.js:147:5)
440 verbose stack     at Immediate.Async.drainQueues [as _onImmediate] (/usr/local/lib/node_modules/npm/node_modules/bluebird/js/release/async.js:17:14)
440 verbose stack     at processImmediate (internal/timers.js:456:21)
441 verbose cwd /home/theia/.cache/typescript/3.6
442 verbose Linux 5.10.16.3-microsoft-standard-WSL2
443 verbose argv "/usr/local/bin/node" "/usr/local/bin/npm" "install" "--ignore-scripts" "@types/testing-library__jest-dom@ts3.6" "@types/react@ts3.6" "@types/react-dom@ts3.6" "@types/eslint-config-prettier@ts3.6" "@types/eslint-plugin-prettier@ts3.6" "@types/lint-staged@ts3.6" "@types/prettier@ts3.6" "@types/accepts@ts3.6" "@types/argparse@ts3.6" "@types/aria-query@ts3.6" "@types/arr-diff@ts3.6" "@types/arr-union@ts3.6" "@types/array-unique@ts3.6" "@types/array.prototype.flat@ts3.6" "@types/array.prototype.flatmap@ts3.6" "@types/asap@ts3.6" "@types/assert@ts3.6" "@types/async@ts3.6" "@types/atob@ts3.6" "@types/babel-plugin-macros@ts3.6" "@types/babylon@ts3.6" "@types/balanced-match@ts3.6" "@types/big.js@ts3.6" "@types/bluebird@ts3.6" "@types/bn.js@ts3.6" "@types/body-parser@ts3.6" "@types/bonjour@ts3.6" "@types/boolbase@ts3.6" "@types/brace-expansion@ts3.6" "@types/braces@ts3.6" "@types/brorand@ts3.6" "@types/bser@ts3.6" "@types/buffer-from@ts3.6" "@types/buffer-xor@ts3.6" "@types/bytes@ts3.6" "@types/cacache@ts3.6" "@types/call-bind@ts3.6" "@types/caniuse-api@ts3.6" "@types/caniuse-lite@ts3.6" "@types/case-sensitive-paths-webpack-plugin@ts3.6" "@types/check-types@ts3.6" "@types/chownr@ts3.6" "@types/cipher-base@ts3.6" "@types/clean-css@ts3.6" "@types/co@ts3.6" "@types/color@ts3.6" "@types/color-convert@ts3.6" "@types/color-name@ts3.6" "@types/color-string@ts3.6" "@types/combined-stream@ts3.6" "@types/common-tags@ts3.6" "@types/commondir@ts3.6" "@types/component-emitter@ts3.6" "@types/compose-function@ts3.6" "@types/compressible@ts3.6" "@types/compression@ts3.6" "@types/concat-map@ts3.6" "@types/concat-stream@ts3.6" "@types/confusing-browser-globals@ts3.6" "@types/connect-history-api-fallback@ts3.6" "@types/content-disposition@ts3.6" "@types/content-type@ts3.6" "@types/convert-source-map@ts3.6" "@types/cookie@ts3.6" "@types/cookie-signature@ts3.6" "@types/core-js@ts3.6" "@types/create-hash@ts3.6" "@types/create-hmac@ts3.6" "@types/cross-spawn@ts3.6" "@types/css@ts3.6" "@types/css-declaration-sorter@ts3.6" "@types/css-tree@ts3.6" "@types/css.escape@ts3.6" "@types/cssesc@ts3.6" "@types/csso@ts3.6" "@types/cssom@ts3.6" "@types/cssstyle@ts3.6" "@types/d@ts3.6" "@types/damerau-levenshtein@ts3.6" "@types/data-urls@ts3.6" "@types/debug@ts3.6" "@types/decode-uri-component@ts3.6" "@types/dedent@ts3.6" "@types/deep-equal@ts3.6" "@types/default-gateway@ts3.6" "@types/define-properties@ts3.6" "@types/depd@ts3.6" "@types/destroy@ts3.6" "@types/detect-node@ts3.6" "@types/diffie-hellman@ts3.6" "@types/dir-glob@ts3.6" "@types/dns-packet@ts3.6" "@types/dns-txt@ts3.6" "@types/doctrine@ts3.6" "@types/domexception@ts3.6" "@types/domutils@ts3.6" "@types/duplexify@ts3.6" "@types/ee-first@ts3.6" "@types/ejs@ts3.6" "@types/elliptic@ts3.6" "@types/encodeurl@ts3.6" "@types/end-of-stream@ts3.6" "@types/es-abstract@ts3.6" "@types/es-get-iterator@ts3.6" "@types/es-to-primitive@ts3.6" "@types/escape-html@ts3.6" "@types/escodegen@ts3.6" "@types/eslint@ts3.6" "@types/eslint-scope@ts3.6" "@types/eslint-utils@ts3.6" "@types/esprima@ts3.6" "@types/esquery@ts3.6" "@types/estraverse@ts3.6" "@types/esutils@ts3.6" "@types/etag@ts3.6" "@types/events@ts3.6" "@types/eventsource@ts3.6" "@types/exit@ts3.6" "@types/fast-levenshtein@ts3.6" "@types/fb-watchman@ts3.6" "@types/file-entry-cache@ts3.6" "@types/file-loader@ts3.6" "@types/fill-range@ts3.6" "@types/finalhandler@ts3.6" "@types/find-cache-dir@ts3.6" "@types/flat-cache@ts3.6" "@types/flush-write-stream@ts3.6" "@types/follow-redirects@ts3.6" "@types/forwarded@ts3.6" "@types/fresh@ts3.6" "@types/from2@ts3.6" "@types/fs-extra@ts3.6" "@types/fs-minipass@ts3.6" "@types/function-bind@ts3.6" "@types/functional-red-black-tree@ts3.6" "@types/gensync@ts3.6" "@types/get-intrinsic@ts3.6" "@types/get-value@ts3.6" "@types/glob-parent@ts3.6" "@types/global-modules@ts3.6" "@types/global-prefix@ts3.6" "@types/globalthis@ts3.6" "@types/gopd@ts3.6" "@types/graceful-fs@ts3.6" "@types/has@ts3.6" "@types/has-bigints@ts3.6" "@types/has-symbols@ts3.6" "@types/has-values@ts3.6" "@types/he@ts3.6" "@types/hex-color-regex@ts3.6" "@types/hosted-git-info@ts3.6" "@types/html-encoding-sniffer@ts3.6" "@types/html-escaper@ts3.6" "@types/html-minifier-terser@ts3.6" "@types/http-errors@ts3.6" "@types/http-proxy@ts3.6" "@types/icss-utils@ts3.6" "@types/iferr@ts3.6" "@types/import-local@ts3.6" "@types/imurmurhash@ts3.6" "@types/inherits@ts3.6" "@types/ini@ts3.6" "@types/internal-slot@ts3.6" "@types/ip@ts3.6" "@types/is-arguments@ts3.6" "@types/is-bigint@ts3.6" "@types/is-boolean-object@ts3.6" "@types/is-buffer@ts3.6" "@types/is-callable@ts3.6" "@types/is-ci@ts3.6" "@types/is-core-module@ts3.6" "@types/is-data-descriptor@ts3.6" "@types/is-date-object@ts3.6" "@types/is-glob@ts3.6" "@types/is-map@ts3.6" "@types/is-number@ts3.6" "@types/is-regex@ts3.6" "@types/is-string@ts3.6" "@types/is-symbol@ts3.6" "@types/is-typedarray@ts3.6" "@types/is-windows@ts3.6" "@types/isarray@ts3.6" "@types/isexe@ts3.6" "@types/istanbul-lib-coverage@ts3.6" "@types/istanbul-lib-instrument@ts3.6" "@types/istanbul-lib-report@ts3.6" "@types/istanbul-lib-source-maps@ts3.6" "@types/istanbul-reports@ts3.6" "@types/js-yaml@ts3.6" "@types/jsdom@ts3.6" "@types/jsesc@ts3.6" "@types/json-parse-better-errors@ts3.6" "@types/json-stable-stringify-without-jsonify@ts3.6" "@types/jsonfile@ts3.6" "@types/kind-of@ts3.6" "@types/language-tags@ts3.6" "@types/loader-runner@ts3.6" "@types/loader-utils@ts3.6" "@types/lodash.debounce@ts3.6" "--save-dev" "--user-agent=typesInstaller/3.6.3"
444 verbose node v12.18.3
445 verbose npm  v6.14.6
446 error code ETARGET
447 error notarget No matching version found for @types/call-bind@ts3.6.
448 error notarget In most cases you or one of your dependencies are requesting
448 error notarget a package version that doesn't exist.
449 verbose exit [ 1, true ]
